CREATED docs/blueprints/tech/TD-1--12a-surfaces-ux-contract.md
CREATED docs/blueprints/tech/TD-2--12b-engine-collections.md
CREATED docs/blueprints/tech/TD-3--12c-index-schema-canonical.md
CREATED docs/blueprints/tech/TD-4--12d-analyzers-normalization.md
CREATED docs/blueprints/tech/TD-5--12e-filters-ui-chips.md
CREATED docs/blueprints/tech/TD-6--12f-query-grammar-api-contracts.md
CREATED docs/blueprints/tech/TD-7--12g-ranking-fairness.md
CREATED docs/blueprints/tech/TD-8--12h-promotions-integrity-invalidclick-handling.md
CREATED docs/blueprints/tech/TD-9--12i-caching-rate-limits-and-slos.md
CREATED docs/blueprints/tech/TD-10--12j-ingestion-update-pipeline.md
CREATED docs/blueprints/tech/TD-11--12k-telemetry-analytics.md
CREATED docs/blueprints/tech/TD-12--12l-admin-tools-console.md
CREATED docs/blueprints/tech/TD-13--12m-error-model-api.md
CREATED docs/blueprints/tech/TD-14--12n-synonyms-taxonomies-starter-sets.md
CREATED docs/blueprints/tech/TD-15--12o-security-privacy-safety-controls.md
CREATED docs/blueprints/tech/TD-16--12p-cost-controls.md
CREATED docs/blueprints/tech/TD-17--12q-test-plan-mustpass.md
CREATED docs/blueprints/tech/TD-18--12r-work-packages-for-your-4-cursor-agents.md
CREATED docs/blueprints/tech/TD-19--12s-acceptance-criteria-mark-12-final-only-when-all-are-true.md
CREATED docs/blueprints/tech/TD-20--13a-canon-invariants.md
CREATED docs/blueprints/tech/TD-21--13b-domain-model-aurora-postgresql-source-of-record.md
CREATED docs/blueprints/tech/TD-22--13c-state-machines-per-leg-and-for-lbg.md
CREATED docs/blueprints/tech/TD-23--13d-checkout-payment-flows.md
CREATED docs/blueprints/tech/TD-24--13e-tax-jurisdictions.md
CREATED docs/blueprints/tech/TD-25--13f-amendments-extras-overtime.md
CREATED docs/blueprints/tech/TD-26--13g-refunds-cancellations.md
CREATED docs/blueprints/tech/TD-27--13h-disputes.md
CREATED docs/blueprints/tech/TD-28--13i-graphql-api-checkout-lifecycle-key-operations.md
CREATED docs/blueprints/tech/TD-29--13j-receipts-statements.md
CREATED docs/blueprints/tech/TD-30--13k-payout-scheduler-reserves.md
CREATED docs/blueprints/tech/TD-31--13l-admin-surfaces-finance-support-trust.md
CREATED docs/blueprints/tech/TD-32--13m-telemetry-immutable-events.md
CREATED docs/blueprints/tech/TD-33--13n-slos-cost.md
CREATED docs/blueprints/tech/TD-34--13o-error-taxonomy-clientsafe.md
CREATED docs/blueprints/tech/TD-35--13p-test-plan-mustpass-ci-sandbox.md
CREATED docs/blueprints/tech/TD-36--13q-work-packages-cursor-agents.md
CREATED docs/blueprints/tech/TD-37--13r-acceptance-criteria-mark-13-final-only-when-all-true.md
CREATED docs/blueprints/tech/TD-38--13k-change-orders-extras-overtime-full-specification.md
CREATED docs/blueprints/tech/TD-38.1--k1-purpose-invariants.md
CREATED docs/blueprints/tech/TD-38.2--k2-data-model-amendments-already-introduced-here-are-line-details.md
CREATED docs/blueprints/tech/TD-38.3--k3-api.md
CREATED docs/blueprints/tech/TD-38.4--k4-flow.md
CREATED docs/blueprints/tech/TD-38.5--k5-validation-caps.md
CREATED docs/blueprints/tech/TD-38.6--k6-telemetry.md
CREATED docs/blueprints/tech/TD-39--13l-cancellation-refund-policy-engine.md
CREATED docs/blueprints/tech/TD-39.1--l1-invariants.md
CREATED docs/blueprints/tech/TD-39.2--l2-policy-schema.md
CREATED docs/blueprints/tech/TD-39.3--l3-engine-behavior.md
CREATED docs/blueprints/tech/TD-39.4--l4-api.md
CREATED docs/blueprints/tech/TD-39.5--l5-refund-execution.md
CREATED docs/blueprints/tech/TD-39.6--l6-edge-cases.md
CREATED docs/blueprints/tech/TD-40--13m-acceptance-window-buyer-confirmation-after-session.md
CREATED docs/blueprints/tech/TD-40.1--m1-contract.md
CREATED docs/blueprints/tech/TD-40.2--m2-data-points.md
CREATED docs/blueprints/tech/TD-40.3--m3-implementation.md
CREATED docs/blueprints/tech/TD-40.4--m4-telemetry.md
CREATED docs/blueprints/tech/TD-41--13n-studio-deposit-claims.md
CREATED docs/blueprints/tech/TD-41.1--n1-purpose.md
CREATED docs/blueprints/tech/TD-41.2--n2-flow.md
CREATED docs/blueprints/tech/TD-41.3--n3-api-data.md
CREATED docs/blueprints/tech/TD-41.4--n4-constraints.md
CREATED docs/blueprints/tech/TD-42--13o-receipts-perleg-group-summary.md
CREATED docs/blueprints/tech/TD-42.1--o1-templates.md
CREATED docs/blueprints/tech/TD-42.2--o2-rendering.md
CREATED docs/blueprints/tech/TD-42.3--o3-rounding.md
CREATED docs/blueprints/tech/TD-43--13p-webhooks-normalized-events-mapping.md
CREATED docs/blueprints/tech/TD-43.1--p1-stripe-examples.md
CREATED docs/blueprints/tech/TD-43.2--p2-tax-provider.md
CREATED docs/blueprints/tech/TD-43.3--p3-esign-vendor.md
CREATED docs/blueprints/tech/TD-44--13q-error-taxonomy-additions-for-this-part.md
CREATED docs/blueprints/tech/TD-45--13r-test-plan-part-2-focus.md
CREATED docs/blueprints/tech/TD-46--13s-acceptance-criteria-part-2.md
CREATED docs/blueprints/tech/TD-47--13t-payouts-reserves-instant-payouts-timing-failure-modes.md
CREATED docs/blueprints/tech/TD-47.1--t1-principles.md
CREATED docs/blueprints/tech/TD-47.2--t2-data-states.md
CREATED docs/blueprints/tech/TD-47.3--t3-computation-of-payout-amounts.md
CREATED docs/blueprints/tech/TD-47.4--t4-scheduler-execution.md
CREATED docs/blueprints/tech/TD-47.5--t5-instant-payouts-optional.md
CREATED docs/blueprints/tech/TD-47.6--t6-failure-modes-handling.md
CREATED docs/blueprints/tech/TD-47.7--t7-telemetry.md
CREATED docs/blueprints/tech/TD-48--13u-disputes-chargebacks-evidence-kits.md
CREATED docs/blueprints/tech/TD-48.1--u1-sources-of-evidence.md
CREATED docs/blueprints/tech/TD-48.2--u2-flow.md
CREATED docs/blueprints/tech/TD-48.3--u3-admin-console-trust-finance.md
CREATED docs/blueprints/tech/TD-48.4--u4-telemetry.md
CREATED docs/blueprints/tech/TD-49--13v-daily-finance-close-reconciliation-hard-gate.md
CREATED docs/blueprints/tech/TD-49.1--v1-purpose.md
CREATED docs/blueprints/tech/TD-49.2--v2-inputs.md
CREATED docs/blueprints/tech/TD-49.3--v3-checks-examples.md
CREATED docs/blueprints/tech/TD-49.4--v4-flow.md
CREATED docs/blueprints/tech/TD-49.5--v5-admin-tiles.md
CREATED docs/blueprints/tech/TD-49.6--v6-telemetry.md
CREATED docs/blueprints/tech/TD-50--13w-admin-consoles-finance-support-trust-city-ops.md
CREATED docs/blueprints/tech/TD-50.1--w1-finance.md
CREATED docs/blueprints/tech/TD-50.2--w2-support.md
CREATED docs/blueprints/tech/TD-50.3--w3-trust-safety.md
CREATED docs/blueprints/tech/TD-50.4--w4-city-ops-promotions.md
CREATED docs/blueprints/tech/TD-51--13x-error-incident-playbook-selected.md
CREATED docs/blueprints/tech/TD-52--13y-full-e2e-test-matrix-implement-in-ci-sandbox.md
CREATED docs/blueprints/tech/TD-53--13z-acceptance-criteria-mark-13-final-only-when-all-true.md
CREATED docs/blueprints/tech/TD-54--14a-canon-invariants.md
CREATED docs/blueprints/tech/TD-55--14b-data-model-storage.md
CREATED docs/blueprints/tech/TD-55.1--b1-dynamodb-singletable-messaging.md
CREATED docs/blueprints/tech/TD-55.2--b2-presence-typing-ephemeral.md
CREATED docs/blueprints/tech/TD-55.3--b3-s3-buckets-previews-only.md
CREATED docs/blueprints/tech/TD-56--14c-graphql-api-appsync-types-queries-mutations-subscriptions.md
CREATED docs/blueprints/tech/TD-56.1--c1-core-types-excerpt.md
CREATED docs/blueprints/tech/TD-56.2--c2-queries.md
CREATED docs/blueprints/tech/TD-56.3--c3-mutations-selected.md
CREATED docs/blueprints/tech/TD-56.4--c4-subscriptions.md
CREATED docs/blueprints/tech/TD-57--14d-project-panel-tabs-schemas-behavior.md
CREATED docs/blueprints/tech/TD-57.1--d1-brief.md
CREATED docs/blueprints/tech/TD-57.2--d2-moodboard.md
CREATED docs/blueprints/tech/TD-57.3--d3-shot-list.md
CREATED docs/blueprints/tech/TD-57.4--d4-files.md
CREATED docs/blueprints/tech/TD-57.5--d5-docs-esign.md
CREATED docs/blueprints/tech/TD-57.6--d6-expenses.md
CREATED docs/blueprints/tech/TD-57.7--d7-actions.md
CREATED docs/blueprints/tech/TD-58--14e-action-cards-contract-state-machines-examples.md
CREATED docs/blueprints/tech/TD-59--14f-presence-read-receipts-typing.md
CREATED docs/blueprints/tech/TD-60--14g-moderation-safety-anticircumvention.md
CREATED docs/blueprints/tech/TD-61--14h-notifications-email-push-sms.md
CREATED docs/blueprints/tech/TD-62--14i-file-pipeline-limits.md
CREATED docs/blueprints/tech/TD-63--14j-admin-consoles-support-ts-finance.md
CREATED docs/blueprints/tech/TD-64--14k-observability-telemetry-and-lineage.md
CREATED docs/blueprints/tech/TD-65--14l-performance-cost.md
CREATED docs/blueprints/tech/TD-66--14m-error-taxonomy-clientsafe.md
CREATED docs/blueprints/tech/TD-67--14n-test-plan-ci-sandbox.md
CREATED docs/blueprints/tech/TD-68--14o-work-packages-cursor-agents.md
CREATED docs/blueprints/tech/TD-69--14p-acceptance-criteria-mark-14-final-only-when-all-true.md
CREATED docs/blueprints/tech/TD-70--15a-canon-invariants.md
CREATED docs/blueprints/tech/TD-71--15b-data-model-aurora-postgres-s3.md
CREATED docs/blueprints/tech/TD-72--15c-clause-library-variables.md
CREATED docs/blueprints/tech/TD-73--15d-template-composition.md
CREATED docs/blueprints/tech/TD-74--15e-pack-assembly-docsbeforepay.md
CREATED docs/blueprints/tech/TD-75--15f-variable-binding-examples.md
CREATED docs/blueprints/tech/TD-76--15g-esign-adapter-dropbox-sign-docusign.md
CREATED docs/blueprints/tech/TD-77--15h-hashing-immutability.md
CREATED docs/blueprints/tech/TD-78--15i-access-control-privacy.md
CREATED docs/blueprints/tech/TD-79--15j-integrations-with-1314.md
CREATED docs/blueprints/tech/TD-80--15k-notifications-templates.md
CREATED docs/blueprints/tech/TD-81--15l-admin-console-legal-support-city-ops.md
CREATED docs/blueprints/tech/TD-82--15m-telemetry-lineage.md
CREATED docs/blueprints/tech/TD-83--15n-error-taxonomy.md
CREATED docs/blueprints/tech/TD-84--15o-performance-cost.md
CREATED docs/blueprints/tech/TD-85--15p-test-plan-ci-sandbox.md
CREATED docs/blueprints/tech/TD-86--15q-work-packages-cursor-4agent-lanes.md
CREATED docs/blueprints/tech/TD-87--15r-acceptance-criteria-mark-15-final-only-when-all-true.md
CREATED docs/blueprints/tech/TD-88--16a-canon-invariants.md
CREATED docs/blueprints/tech/TD-89--16b-data-model-aurora-dynamodb.md
CREATED docs/blueprints/tech/TD-90--16c-adapters-idv-bg-social-contracts.md
CREATED docs/blueprints/tech/TD-91--16d-badge-logic-gates-expiration.md
CREATED docs/blueprints/tech/TD-92--16e-graphql-api-user-facing-flows.md
CREATED docs/blueprints/tech/TD-93--16f-integration-points.md
CREATED docs/blueprints/tech/TD-94--16g-risk-signals-throttles.md
CREATED docs/blueprints/tech/TD-95--16h-admin-consoles-workflows.md
CREATED docs/blueprints/tech/TD-96--16i-webhooks-normalized-events.md
CREATED docs/blueprints/tech/TD-97--16j-privacy-retention.md
CREATED docs/blueprints/tech/TD-98--16k-error-taxonomy-client-safe.md
CREATED docs/blueprints/tech/TD-99--16l-telemetry-slos.md
CREATED docs/blueprints/tech/TD-100--16m-cost-controls.md
CREATED docs/blueprints/tech/TD-101--16n-test-plan-ci-sandbox.md
CREATED docs/blueprints/tech/TD-102--16o-work-packages-cursor-agents.md
CREATED docs/blueprints/tech/TD-103--16p-acceptance-criteria-mark-16-final-only-when-all-true.md
CREATED docs/blueprints/tech/TD-104--17a-canon-invariants.md
CREATED docs/blueprints/tech/TD-105--17b-surfaces-formats-mvp.md
CREATED docs/blueprints/tech/TD-106--17c-eligibility-safety-gates.md
CREATED docs/blueprints/tech/TD-107--17d-data-model-aurora-dynamodb-s3.md
CREATED docs/blueprints/tech/TD-107.1--d1-core-sql-tables.md
CREATED docs/blueprints/tech/TD-107.2--d2-dynamodb-hot-path.md
CREATED docs/blueprints/tech/TD-108--17e-targeting-matching.md
CREATED docs/blueprints/tech/TD-109--17f-blending-fairness.md
CREATED docs/blueprints/tech/TD-110--17g-click-validation-fraud-defenses.md
CREATED docs/blueprints/tech/TD-111--17h-budgets-pacing-pausing.md
CREATED docs/blueprints/tech/TD-112--17i-billing-credits-costconscious-mvp.md
CREATED docs/blueprints/tech/TD-113--17j-graphql-api-sellerfacing-admin.md
CREATED docs/blueprints/tech/TD-114--17k-admin-consoles.md
CREATED docs/blueprints/tech/TD-115--17l-telemetry-reconciliation.md
CREATED docs/blueprints/tech/TD-116--17m-error-taxonomy-clientsafe.md
CREATED docs/blueprints/tech/TD-117--17n-performance-cost.md
CREATED docs/blueprints/tech/TD-118--17o-test-plan-ci-sandbox.md
CREATED docs/blueprints/tech/TD-119--17p-work-packages-cursor-agents.md
CREATED docs/blueprints/tech/TD-120--17q-acceptance-criteria-mark-17-final-only-when-all-true.md
CREATED docs/blueprints/tech/TD-121--18a-canon-invariants.md
CREATED docs/blueprints/tech/TD-122--18b-data-model-aurora-postgres.md
CREATED docs/blueprints/tech/TD-123--18c-write-rules-lifecycle.md
CREATED docs/blueprints/tech/TD-124--18d-api-graphql-user-facing.md
CREATED docs/blueprints/tech/TD-125--18e-weighting-decay-aggregation.md
CREATED docs/blueprints/tech/TD-126--18f-fraud-abuse-controls.md
CREATED docs/blueprints/tech/TD-127--18g-surfacing-ux.md
CREATED docs/blueprints/tech/TD-128--18h-moderation-appeals-admin-console.md
CREATED docs/blueprints/tech/TD-129--18i-notifications.md
CREATED docs/blueprints/tech/TD-130--18j-telemetry-lineage.md
CREATED docs/blueprints/tech/TD-131--18k-error-taxonomy-client-safe.md
CREATED docs/blueprints/tech/TD-132--18l-performance-cost.md
CREATED docs/blueprints/tech/TD-133--18m-test-plan-ci-sandbox.md
CREATED docs/blueprints/tech/TD-134--18n-work-packages-cursor-agents.md
CREATED docs/blueprints/tech/TD-135--18o-acceptance-criteria-mark-18-final-only-when-all-true.md
CREATED docs/blueprints/tech/TD-136--19a-canon-invariants.md
CREATED docs/blueprints/tech/TD-137--19b-fee-taxonomy-launch.md
CREATED docs/blueprints/tech/TD-138--19c-data-model-sql-additions-for-fees-wallet-gl.md
CREATED docs/blueprints/tech/TD-139--19d-accounting-model-gl-entries-mvp.md
CREATED docs/blueprints/tech/TD-139.1--d1-at-capture-lbg-confirmed-charge-succeeded.md
CREATED docs/blueprints/tech/TD-139.2--d2-on-completionaccept-leg-earns-platform-fee-revenue.md
CREATED docs/blueprints/tech/TD-139.3--d3-on-payout-transfer-to-seller-per-leg.md
CREATED docs/blueprints/tech/TD-139.4--d4-refunds-leg-policy-or-admin.md
CREATED docs/blueprints/tech/TD-139.5--d5-chargebacks-lost-dispute.md
CREATED docs/blueprints/tech/TD-140--19e-wallet-buyer-credits-rules-flows.md
CREATED docs/blueprints/tech/TD-141--19f-taxes-on-platform-fees.md
CREATED docs/blueprints/tech/TD-142--19g-statements-exports.md
CREATED docs/blueprints/tech/TD-143--19h-apis-graphql-finance-views.md
CREATED docs/blueprints/tech/TD-144--19i-admin-consoles-finance.md
CREATED docs/blueprints/tech/TD-145--19j-telemetry-lineage.md
CREATED docs/blueprints/tech/TD-146--19k-slos-cost-posture.md
CREATED docs/blueprints/tech/TD-147--19l-error-taxonomy-clientsafe.md
CREATED docs/blueprints/tech/TD-148--19m-test-plan-ci-sandbox.md
CREATED docs/blueprints/tech/TD-149--19n-work-packages-cursor-agents.md
CREATED docs/blueprints/tech/TD-150--19o-acceptance-criteria-mark-19-final-only-when-all-true.md
CREATED docs/blueprints/tech/TD-151--19a-canon-invariants.md
CREATED docs/blueprints/tech/TD-137--19b-fee-taxonomy-launch.md
CREATED docs/blueprints/tech/TD-138--19c-data-model-sql-additions-for-fees-wallet-gl.md
CREATED docs/blueprints/tech/TD-139--19d-accounting-model-gl-entries-mvp.md
CREATED docs/blueprints/tech/TD-139.1--d1-at-capture-lbg-confirmed-charge-succeeded.md
CREATED docs/blueprints/tech/TD-139.2--d2-on-completionaccept-leg-earns-platform-fee-revenue.md
CREATED docs/blueprints/tech/TD-139.3--d3-on-payout-transfer-to-seller-per-leg.md
CREATED docs/blueprints/tech/TD-139.4--d4-refunds-leg-policy-or-admin.md
CREATED docs/blueprints/tech/TD-139.5--d5-chargebacks-lost-dispute.md
CREATED docs/blueprints/tech/TD-140--19e-wallet-buyer-credits-rules-flows.md
CREATED docs/blueprints/tech/TD-141--19f-taxes-on-platform-fees.md
CREATED docs/blueprints/tech/TD-142--19g-statements-exports.md
CREATED docs/blueprints/tech/TD-143--19h-apis-graphql-finance-views.md
CREATED docs/blueprints/tech/TD-144--19i-admin-consoles-finance.md
CREATED docs/blueprints/tech/TD-145--19j-telemetry-lineage.md
CREATED docs/blueprints/tech/TD-146--19k-slos-cost-posture.md
CREATED docs/blueprints/tech/TD-147--19l-error-taxonomy-clientsafe.md
CREATED docs/blueprints/tech/TD-152--19m-test-plan-ci-sandbox.md
CREATED docs/blueprints/tech/TD-149--19n-work-packages-cursor-agents.md
CREATED docs/blueprints/tech/TD-153--19o-acceptance-criteria-mark-19-final-only-when-all-true.md
CREATED docs/blueprints/tech/TD-154--110a-canon-invariants.md
CREATED docs/blueprints/tech/TD-155--110b-providers-architecture.md
CREATED docs/blueprints/tech/TD-156--110c-data-model-aurora-dynamodb-s3.md
CREATED docs/blueprints/tech/TD-157--110d-template-system-variables.md
CREATED docs/blueprints/tech/TD-158--110e-routing-rules-comms-router.md
CREATED docs/blueprints/tech/TD-159--110f-preferences-quiet-hours-userfacing.md
CREATED docs/blueprints/tech/TD-160--110g-channel-workers-dedupebatching.md
CREATED docs/blueprints/tech/TD-161--110h-error-taxonomy-clientsafe-and-admin.md
CREATED docs/blueprints/tech/TD-162--110i-work-packages-cursor-agent-lanes.md
CREATED docs/blueprints/tech/TD-163--110j-acceptance-criteria-for-part-1-we-wont-move-to-part-2-until-all-hold.md
CREATED docs/blueprints/tech/TD-164--110r-deliverability-setup-email.md
CREATED docs/blueprints/tech/TD-165--110s-bouncecomplaint-handling-suppression.md
CREATED docs/blueprints/tech/TD-166--110t-inapp-notification-center-details.md
CREATED docs/blueprints/tech/TD-167--110u-experiments-localization.md
CREATED docs/blueprints/tech/TD-168--110v-link-tracking-privacy.md
CREATED docs/blueprints/tech/TD-169--110w-admin-console-comms.md
CREATED docs/blueprints/tech/TD-170--110x-telemetry-dashboards-slos.md
CREATED docs/blueprints/tech/TD-171--110y-full-test-matrix-part-2.md
CREATED docs/blueprints/tech/TD-172--110z-acceptance-criteria-mark-110-final-only-when-all-true.md
CREATED docs/blueprints/tech/TD-173--111a-canon-invariants.md
CREATED docs/blueprints/tech/TD-174--111b-data-model-aurora-postgres-source-of-record.md
CREATED docs/blueprints/tech/TD-175--111c-amenity-taxonomy-canonical-keys.md
CREATED docs/blueprints/tech/TD-176--111d-onboarding-verification-flow.md
CREATED docs/blueprints/tech/TD-177--111e-pricing-quote-engine-deterministic.md
CREATED docs/blueprints/tech/TD-178--111f-availability-buffers-conflicts.md
CREATED docs/blueprints/tech/TD-179--111g-house-rules-compliance-docs.md
CREATED docs/blueprints/tech/TD-180--111h-images-safety-seo.md
CREATED docs/blueprints/tech/TD-181--111i-search-facets-tiein-to-12.md
CREATED docs/blueprints/tech/TD-182--111j-checkout-deposits-tiein-to-13.md
CREATED docs/blueprints/tech/TD-183--111k-graphql-api-appsync-studio-management-browse.md
CREATED docs/blueprints/tech/TD-184--111l-admin-console-studios.md
CREATED docs/blueprints/tech/TD-185--111m-error-taxonomy-clientsafe.md
CREATED docs/blueprints/tech/TD-186--111n-telemetry-lineage.md
CREATED docs/blueprints/tech/TD-187--111o-performance-cost.md
CREATED docs/blueprints/tech/TD-188--111p-test-plan-ci-sandbox.md
CREATED docs/blueprints/tech/TD-189--111q-work-packages-cursor-4agent-lanes.md
CREATED docs/blueprints/tech/TD-190--111r-acceptance-criteria-mark-111-final-only-when-all-true.md
CREATED docs/blueprints/tech/TD-191--112a-canon-invariants.md
CREATED docs/blueprints/tech/TD-192--112b-tech-stack-version-pins-initial.md
CREATED docs/blueprints/tech/TD-193--112c-environments-accounts-and-regions.md
CREATED docs/blueprints/tech/TD-194--112d-amplify-gen-2-configuration-and-never-classic-guardrails.md
CREATED docs/blueprints/tech/TD-195--112e-networking-security-baseline.md
CREATED docs/blueprints/tech/TD-196--112f-data-stores-retention.md
CREATED docs/blueprints/tech/TD-197--112g-identity-access-cognito.md
CREATED docs/blueprints/tech/TD-198--112h-api-shape-appsync.md
CREATED docs/blueprints/tech/TD-199--112i-cicd-and-migrations.md
CREATED docs/blueprints/tech/TD-200--112j-observability.md
CREATED docs/blueprints/tech/TD-201--112k-security-posture.md
CREATED docs/blueprints/tech/TD-202--112l-data-privacy-retention.md
CREATED docs/blueprints/tech/TD-203--112m-cost-guardrails.md
CREATED docs/blueprints/tech/TD-204--112n-disaster-recovery.md
CREATED docs/blueprints/tech/TD-205--112o-local-dev-previews-and-seed-data.md
CREATED docs/blueprints/tech/TD-206--112p-developer-experience-governance.md
CREATED docs/blueprints/tech/TD-207--112q-work-packages-for-your-4-cursor-agents.md
CREATED docs/blueprints/tech/TD-208--112r-acceptance-criteria-mark-112-final-only-when-all-true.md
CREATED docs/blueprints/tech/TD-209--112s-test-matrix-ci-stage-drills.md
CREATED docs/blueprints/tech/TD-210--113a-canon-invariants.md
CREATED docs/blueprints/tech/TD-211--113b-highlevel-architecture.md
CREATED docs/blueprints/tech/TD-212--113c-event-envelope-contracts.md
CREATED docs/blueprints/tech/TD-213--113d-bronze-silver-gold-modeling.md
CREATED docs/blueprints/tech/TD-214--113e-nearrealtime-ops-views.md
CREATED docs/blueprints/tech/TD-215--113f-experimentation-framework.md
CREATED docs/blueprints/tech/TD-216--113g-data-quality-validation-lineage.md
CREATED docs/blueprints/tech/TD-217--113h-privacy-governance-retention.md
CREATED docs/blueprints/tech/TD-218--113i-bi-dashboards.md
CREATED docs/blueprints/tech/TD-219--113j-cost-posture-performance.md
CREATED docs/blueprints/tech/TD-220--113k-admin-tooling.md
CREATED docs/blueprints/tech/TD-221--113l-error-taxonomy-data-platform.md
CREATED docs/blueprints/tech/TD-222--113m-slos-alerts.md
CREATED docs/blueprints/tech/TD-223--113n-test-plan-ci-stage.md
CREATED docs/blueprints/tech/TD-224--113o-work-packages-cursor-agents.md
CREATED docs/blueprints/tech/TD-225--113p-acceptance-criteria-mark-113-final-only-when-all-true.md
CREATED docs/blueprints/tech/TD-226--113c-expanded-event-envelope-contracts.md
CREATED docs/blueprints/tech/TD-226.1--c1-canonical-envelope-json-schema-v1.md
CREATED docs/blueprints/tech/TD-226.2--c2-example-event-schemas-selected.md
CREATED docs/blueprints/tech/TD-227--113b-113e-expanded-ingestion-bronze-and-nearrealtime-views.md
CREATED docs/blueprints/tech/TD-227.1--b1-event-ingress-path.md
CREATED docs/blueprints/tech/TD-227.2--b2-eventbridge-firehose-s3-bronze.md
CREATED docs/blueprints/tech/TD-227.3--b3-glue-catalog-athena-bronze-table.md
CREATED docs/blueprints/tech/TD-227.4--e1-nearrealtime-nrt-ops-views.md
CREATED docs/blueprints/tech/TD-228--113d-expanded-silvergold-modeling.md
CREATED docs/blueprints/tech/TD-228.1--d1-ctas-silver-facts-examples.md
CREATED docs/blueprints/tech/TD-228.2--d2-dbt-project-skeleton-athena-adapter.md
CREATED docs/blueprints/tech/TD-229--113g-expanded-data-quality-validation-lineage.md
CREATED docs/blueprints/tech/TD-229.1--g1-great-expectations-suite-examples.md
CREATED docs/blueprints/tech/TD-229.2--g2-lineage.md
CREATED docs/blueprints/tech/TD-230--113h-expanded-privacy-governance-retention.md
CREATED docs/blueprints/tech/TD-230.1--h1-lake-formation-permissions.md
CREATED docs/blueprints/tech/TD-230.2--h2-dsar-right-to-erasure-workflow.md
CREATED docs/blueprints/tech/TD-230.3--h3-retention.md
CREATED docs/blueprints/tech/TD-231--113f-expanded-experimentation-framework.md
CREATED docs/blueprints/tech/TD-231.1--f1-assignment-exposure.md
CREATED docs/blueprints/tech/TD-231.2--f2-guardrails-metrics.md
CREATED docs/blueprints/tech/TD-232--113i-expanded-bi-datasets-dashboards.md
CREATED docs/blueprints/tech/TD-232.1--i1-datasets-quicksight-spice.md
CREATED docs/blueprints/tech/TD-232.2--i2-dashboard-tiles-definitions.md
CREATED docs/blueprints/tech/TD-233--113j-expanded-cost-posture-performance.md
CREATED docs/blueprints/tech/TD-234--113k-expanded-admin-runbooks.md
CREATED docs/blueprints/tech/TD-235--113lmno-expanded-error-taxonomy-slos-tests-work-packages.md
CREATED docs/blueprints/tech/TD-235.1--l-error-codes-operational.md
CREATED docs/blueprints/tech/TD-235.2--m-slos-alerts-detail.md
CREATED docs/blueprints/tech/TD-235.3--n-test-matrix-concrete-addons.md
CREATED docs/blueprints/tech/TD-235.4--o-work-packages-ready-to-assign-to-your-4-cursor-agents.md
CREATED docs/blueprints/tech/TD-236--113p-restated-final-acceptance-checklist-for-113.md
CREATED docs/blueprints/tech/TD-237--114a-canon-invariants.md
CREATED docs/blueprints/tech/TD-238--114b-feature-set-mvp-flags.md
CREATED docs/blueprints/tech/TD-239--114c-data-model-aurora-dynamo-s3.md
CREATED docs/blueprints/tech/TD-239.1--c1-aurora-source-of-truth.md
CREATED docs/blueprints/tech/TD-239.2--c2-dynamodb-hot-path-caches.md
CREATED docs/blueprints/tech/TD-239.3--c3-s3-buckets-previews-only.md
CREATED docs/blueprints/tech/TD-240--114d-payment-flows-stripe-taxes.md
CREATED docs/blueprints/tech/TD-241--114e-watermarking-access-and-antiscrape.md
CREATED docs/blueprints/tech/TD-242--114f-messaging-integrations-action-cards.md
CREATED docs/blueprints/tech/TD-243--114g-safety-policy-and-moderation.md
CREATED docs/blueprints/tech/TD-244--114h-ux-surfaces.md
CREATED docs/blueprints/tech/TD-245--114i-graphql-api-appsync-selected.md
CREATED docs/blueprints/tech/TD-246--114j-notifications-comms-from-110.md
CREATED docs/blueprints/tech/TD-247--114k-analytics-experiments-from-113.md
CREATED docs/blueprints/tech/TD-248--114l-admin-consoles.md
CREATED docs/blueprints/tech/TD-249--114m-performance-cost.md
CREATED docs/blueprints/tech/TD-250--114n-error-taxonomy-clientsafe.md
CREATED docs/blueprints/tech/TD-251--114o-test-plan-ci-sandbox.md
CREATED docs/blueprints/tech/TD-252--114p-work-packages-cursor-4agent-lanes.md
CREATED docs/blueprints/tech/TD-253--114q-acceptance-criteria-mark-114-final-only-when-all-true.md
CREATED docs/blueprints/tech/TD-254--1141-roles-gates-and-global-invariants-recap-expansions.md
CREATED docs/blueprints/tech/TD-255--1142-data-contracts-db-cache-storage.md
CREATED docs/blueprints/tech/TD-255.1--11421-sql-additions-refinements.md
CREATED docs/blueprints/tech/TD-255.2--11422-dynamodb-hotpath-caches.md
CREATED docs/blueprints/tech/TD-255.3--11423-s3-keys-cf.md
CREATED docs/blueprints/tech/TD-256--1143-manifests-for-final-media-offplatform.md
CREATED docs/blueprints/tech/TD-256.1--11431-manifest-json-v1.md
CREATED docs/blueprints/tech/TD-256.2--11432-tokenized-access-shortlived.md
CREATED docs/blueprints/tech/TD-257--1144-watermarking-previews.md
CREATED docs/blueprints/tech/TD-257.1--11441-image-previews.md
CREATED docs/blueprints/tech/TD-257.2--11442-video-previews.md
CREATED docs/blueprints/tech/TD-258--1145-stripe-object-mappings-flows.md
CREATED docs/blueprints/tech/TD-258.1--11451-subscriptions-stripe-billing-connect.md
CREATED docs/blueprints/tech/TD-258.2--11452-ppv-tips-requests-paymentintents.md
CREATED docs/blueprints/tech/TD-258.3--11453-refunds-disputes.md
CREATED docs/blueprints/tech/TD-259--1146-tax-fee-math-digital-goods.md
CREATED docs/blueprints/tech/TD-260--1147-accounting-gl-platform-side.md
CREATED docs/blueprints/tech/TD-261--1148-state-machines.md
CREATED docs/blueprints/tech/TD-261.1--11481-custom-request-flow-step-functions.md
CREATED docs/blueprints/tech/TD-261.2--11482-subscription-lifecycle.md
CREATED docs/blueprints/tech/TD-262--1149-moderation-dmca-safety-runbooks.md
CREATED docs/blueprints/tech/TD-262.1--11491-moderation-pipeline.md
CREATED docs/blueprints/tech/TD-262.2--11492-dmca-flow-admin-console.md
CREATED docs/blueprints/tech/TD-263--11410-pricing-policy-limits-abuse-protections.md
CREATED docs/blueprints/tech/TD-264--11411-notifications-templates-mjml-snippets.md
CREATED docs/blueprints/tech/TD-265--11412-graphql-sdl-extended-selected.md
CREATED docs/blueprints/tech/TD-266--11413-telemetry-ops-dashboards-nrt.md
CREATED docs/blueprints/tech/TD-267--11414-errors-ux-copy-clientsafe.md
CREATED docs/blueprints/tech/TD-268--11415-performance-cost-budgets.md
CREATED docs/blueprints/tech/TD-269--11416-test-plan-expanded.md
CREATED docs/blueprints/tech/TD-270--11417-work-packages-ready-to-assign.md
CREATED docs/blueprints/tech/TD-271--11418-acceptance-criteria-final-gate-for-114.md
CREATED docs/blueprints/tech/TD-272--115a-canon-invariants.md
CREATED docs/blueprints/tech/TD-273--115b-case-taxonomy-types-subtypes.md
CREATED docs/blueprints/tech/TD-274--115c-refund-dispute-policy-deterministic-kernels.md
CREATED docs/blueprints/tech/TD-275--115d-state-machines-highlevel.md
CREATED docs/blueprints/tech/TD-275.1--d1-generic-support-case.md
CREATED docs/blueprints/tech/TD-275.2--d2-booking-dispute-peoplestudios.md
CREATED docs/blueprints/tech/TD-275.3--d3-chargeback.md
CREATED docs/blueprints/tech/TD-275.4--d4-dmca.md
CREATED docs/blueprints/tech/TD-276--115e-data-model-aurora-s3.md
CREATED docs/blueprints/tech/TD-277--115f-evidence-timeline-stitching.md
CREATED docs/blueprints/tech/TD-278--115g-api-graphql-support-center-userfacing.md
CREATED docs/blueprints/tech/TD-279--115h-email-bridge-ses-routing.md
CREATED docs/blueprints/tech/TD-280--115i-automations-macros-and-rules.md
CREATED docs/blueprints/tech/TD-281--115j-payout-holds-releases.md
CREATED docs/blueprints/tech/TD-282--115k-chargebacks-representment.md
CREATED docs/blueprints/tech/TD-283--115l-dmca-policy-violations.md
CREATED docs/blueprints/tech/TD-284--115m-telemetry-dashboards-slos.md
CREATED docs/blueprints/tech/TD-285--115n-performance-cost-posture.md
CREATED docs/blueprints/tech/TD-286--115o-error-taxonomy-clientsafe.md
CREATED docs/blueprints/tech/TD-287--115p-test-plan-ci-sandbox.md
CREATED docs/blueprints/tech/TD-288--115q-work-packages-cursor-4agent-lanes.md
CREATED docs/blueprints/tech/TD-289--115r-acceptance-criteria-mark-115-final-only-when-all-true.md
CREATED docs/blueprints/tech/TD-290--116a-canon-invariants.md
CREATED docs/blueprints/tech/TD-291--116b-data-model-aurora-dynamo-typesense.md
CREATED docs/blueprints/tech/TD-291.1--b1-aurora-source-of-truth.md
CREATED docs/blueprints/tech/TD-291.2--b2-dynamodb-hot-path.md
CREATED docs/blueprints/tech/TD-291.3--b3-search-indices-typesenseopensearch.md
CREATED docs/blueprints/tech/TD-292--116c-saved-searches-alerts-anyall-1day-cap.md
CREATED docs/blueprints/tech/TD-292.1--c1-query-model.md
CREATED docs/blueprints/tech/TD-292.2--c2-daily-job-eventbridge-scheduler-lambda.md
CREATED docs/blueprints/tech/TD-293--116d-weekly-city-digest-optin.md
CREATED docs/blueprints/tech/TD-294--116e-feed-follow.md
CREATED docs/blueprints/tech/TD-294.1--e1-surfaces-mirrors-plan-language.md
CREATED docs/blueprints/tech/TD-294.2--e2-delivery-ranking.md
CREATED docs/blueprints/tech/TD-294.3--e3-authoring.md
CREATED docs/blueprints/tech/TD-295--116f-social-share-linkinbio.md
CREATED docs/blueprints/tech/TD-295.1--f1-sharecard-generator.md
CREATED docs/blueprints/tech/TD-295.2--f2-linkinbio-minisite.md
CREATED docs/blueprints/tech/TD-296--116g-book-again-reminders-73090.md
CREATED docs/blueprints/tech/TD-297--116h-referrals-credits-twosided-abuseresistant.md
CREATED docs/blueprints/tech/TD-297.1--h1-programs-as-per-plan.md
CREATED docs/blueprints/tech/TD-297.2--h2-guardrails-explicit-from-plan.md
CREATED docs/blueprints/tech/TD-297.3--h3-mechanics.md
CREATED docs/blueprints/tech/TD-298--116i-graphql-api-selected.md
CREATED docs/blueprints/tech/TD-299--116j-comms-templates.md
CREATED docs/blueprints/tech/TD-300--116k-telemetry-experiments-hooked-into-113.md
CREATED docs/blueprints/tech/TD-301--116l-performance-cost.md
CREATED docs/blueprints/tech/TD-302--116m-error-taxonomy-clientsafe.md
CREATED docs/blueprints/tech/TD-303--116n-test-plan-ci-sandbox.md
CREATED docs/blueprints/tech/TD-304--116o-work-packages-cursor-4agent-lanes.md
CREATED docs/blueprints/tech/TD-305--116p-acceptance-criteria-mark-116-final-only-when-all-true.md
CREATED docs/blueprints/tech/TD-306--116a-sql-growth-referrals-schema-aurora-postgresql.md
CREATED docs/blueprints/tech/TD-307--116b-dynamodb-hotpathttl-tables.md
CREATED docs/blueprints/tech/TD-308--116c-graphql-sdl-saved-search-feed-referrals.md
CREATED docs/blueprints/tech/TD-309--116d-eventbridge-schedules-cron-alertsdigestsbookagain.md
CREATED docs/blueprints/tech/TD-310--116e-lambda-handler-skeleton-saved-search-alerts.md
CREATED docs/blueprints/tech/TD-311--116f-mjml-template-saved-search-alert-sfwonly.md
CREATED docs/blueprints/tech/TD-312--116g-json-schemas-key-growth-events.md
CREATED docs/blueprints/tech/TD-313--116h-cost-guardrails-observability-notes.md
CREATED docs/blueprints/tech/TD-314--116-i-mjml-weekly-city-digest-sfw-only-opt-in.md
CREATED docs/blueprints/tech/TD-315--116-j-mjml-book-again-73090-variants.md
CREATED docs/blueprints/tech/TD-316--116-k-htmlcss-link-in-bio-microsite-sfw-previews.md
CREATED docs/blueprints/tech/TD-317--116-l-anyall-query-builder-typesenseopensearch-spec.md
CREATED docs/blueprints/tech/TD-318--116-m-utm-attribution-rules.md
CREATED docs/blueprints/tech/TD-319--116-n-lambda-skeleton-weekly-digest.md
CREATED docs/blueprints/tech/TD-320--116-o-lambda-skeleton-book-again-73090.md
CREATED docs/blueprints/tech/TD-321--116-p-cost-slo-guardrails-growth-jobs.md
CREATED docs/blueprints/tech/TD-322--117a-canon-invariants.md
CREATED docs/blueprints/tech/TD-323--117b-url-topology-stable-humanreadable.md
CREATED docs/blueprints/tech/TD-324--117c-metadata-canonicalization.md
CREATED docs/blueprints/tech/TD-325--117d-jsonld-structured-data-copypaste.md
CREATED docs/blueprints/tech/TD-325.1--d1-service-profile-as-person-product-package.md
CREATED docs/blueprints/tech/TD-325.2--d2-studio-as-localbusiness.md
CREATED docs/blueprints/tech/TD-325.3--d3-guidescase-studies-as-article.md
CREATED docs/blueprints/tech/TD-326--117e-robots-safemode-and-noindex-policy.md
CREATED docs/blueprints/tech/TD-327--117f-sitemaps-segmented-autorotating.md
CREATED docs/blueprints/tech/TD-328--117g-hreflang-locale-routing.md
CREATED docs/blueprints/tech/TD-329--117h-rendering-strategy-caching-isrssr-cdn.md
CREATED docs/blueprints/tech/TD-330--117i-core-web-vitals-performance-budgets.md
CREATED docs/blueprints/tech/TD-331--117j-accessibility-synergy-seo-a11y.md
CREATED docs/blueprints/tech/TD-332--117k-admin-content-ops-safeguards.md
CREATED docs/blueprints/tech/TD-333--117l-telemetry-dashboards.md
CREATED docs/blueprints/tech/TD-334--117m-test-plan-ci-stage.md
CREATED docs/blueprints/tech/TD-335--117n-cost-posture.md
CREATED docs/blueprints/tech/TD-336--117o-inline-artifacts-block.md
CREATED docs/blueprints/tech/TD-337--117p-acceptance-criteria-mark-117-final-only-when-all-true.md
CREATED docs/blueprints/tech/TD-338--1171-crawl-indexation-control-robots-meta-headers.md
CREATED docs/blueprints/tech/TD-339--1172-canonicalization-url-normalization.md
CREATED docs/blueprints/tech/TD-340--1173-faceted-navigation-pagination-filters.md
CREATED docs/blueprints/tech/TD-341--1174-structured-data-jsonld-full-coverage.md
CREATED docs/blueprints/tech/TD-342--1175-content-templates-onpage-optimization.md
CREATED docs/blueprints/tech/TD-343--1176-image-video-seo-sfwonly.md
CREATED docs/blueprints/tech/TD-344--1177-performance-for-seo-cwvfirst-build.md
CREATED docs/blueprints/tech/TD-345--1178-internationalization-hreflang-localization.md
CREATED docs/blueprints/tech/TD-346--1179-accessibility-a11y-synergy-for-seo.md
CREATED docs/blueprints/tech/TD-347--11710-sitemaps-web-image-video.md
CREATED docs/blueprints/tech/TD-348--11711-internal-linking-breadcrumbs.md
CREATED docs/blueprints/tech/TD-349--11712-logfile-analysis-search-console-ingestion.md
CREATED docs/blueprints/tech/TD-350--11713-seosafe-experimentation.md
CREATED docs/blueprints/tech/TD-351--11714-risk-register-mitigations.md
CREATED docs/blueprints/tech/TD-352--11715-qa-checklists-prelaunch-ongoing.md
CREATED docs/blueprints/tech/TD-353--11716-work-packages-cursor-4agent-lanes.md
CREATED docs/blueprints/tech/TD-354--11717-acceptance-criteria-mark-117-final-only-when-all-true.md
CREATED docs/blueprints/tech/TD-355--118a-security-canon-threat-model.md
CREATED docs/blueprints/tech/TD-356--118b-identity-access-management-iam-boundaries.md
CREATED docs/blueprints/tech/TD-357--118c-authentication-authorization-amplifyappsynccognito.md
CREATED docs/blueprints/tech/TD-358--118d-secrets-key-management.md
CREATED docs/blueprints/tech/TD-359--118e-encryption-in-transit-at-rest.md
CREATED docs/blueprints/tech/TD-360--118f-network-edge-protections.md
CREATED docs/blueprints/tech/TD-361--118g-data-classification-handling.md
CREATED docs/blueprints/tech/TD-362--118h-logging-audit-and-tamperevidence.md
CREATED docs/blueprints/tech/TD-363--118i-vulnerability-management-cicd-hardening.md
CREATED docs/blueprints/tech/TD-364--118j-incident-response-ir-disaster-recovery-dr.md
CREATED docs/blueprints/tech/TD-365--118k-compliance-scaffolding-soc-2ready-baseline.md
CREATED docs/blueprints/tech/TD-366--118l-monitoring-detection.md
CREATED docs/blueprints/tech/TD-367--118m-slos-budgets-costs.md
CREATED docs/blueprints/tech/TD-368--118n-test-plan-security.md
CREATED docs/blueprints/tech/TD-369--118o-work-packages-cursor-4agent-lanes.md
CREATED docs/blueprints/tech/TD-370--118p-acceptance-criteria-mark-118-final-only-when-all-true.md
CREATED docs/blueprints/tech/TD-371--118a-threat-model-assets-trust-boundaries-controls.md
CREATED docs/blueprints/tech/TD-372--118b-security-headers-csp-referrer-permissions.md
CREATED docs/blueprints/tech/TD-373--118c-graphql-complexitydepth-limits-rate-quotas.md
CREATED docs/blueprints/tech/TD-374--118d-cookie-session-policy.md
CREATED docs/blueprints/tech/TD-375--118e-webhook-hmac-verification-stripeplaid.md
CREATED docs/blueprints/tech/TD-376--118f-s3-cloudfront-private-origins-no-public-acls.md
CREATED docs/blueprints/tech/TD-377--118g-presigned-uploads-sizetype-guard.md
CREATED docs/blueprints/tech/TD-378--118h-breakglass-jit-admin-access.md
CREATED docs/blueprints/tech/TD-379--118i-secrets-rotation-runbook-stripe-ses-kms.md
CREATED docs/blueprints/tech/TD-380--118j-vendor-risk-management.md
CREATED docs/blueprints/tech/TD-381--118k-pentest-scope-safe-harbor.md
CREATED docs/blueprints/tech/TD-382--118l-owasp-asvs-mapping-excerpt.md
CREATED docs/blueprints/tech/TD-383--118m-dr-drill-severity-matrix.md
CREATED docs/blueprints/tech/TD-384--118n-siemathena-queries-suspicious-patterns.md
CREATED docs/blueprints/tech/TD-385--118o-access-recertification-schedule.md
CREATED docs/blueprints/tech/TD-385.1--118-determination-postaddendum.md
CREATED docs/blueprints/tech/TD-386--119a-canon-invariants.md
CREATED docs/blueprints/tech/TD-387--119b-locale-catalog-message-format.md
CREATED docs/blueprints/tech/TD-388--119c-hreflang-negotiation.md
CREATED docs/blueprints/tech/TD-389--1191-canon-invariants.md
CREATED docs/blueprints/tech/TD-390--1192-data-model-user-preferences.md
CREATED docs/blueprints/tech/TD-391--1193-locale-catalogs-loading.md
CREATED docs/blueprints/tech/TD-392--1194-locale-detection-routing-no-autoredirect-loop.md
CREATED docs/blueprints/tech/TD-393--1195-numbers-currency-dates-time-zones.md
CREATED docs/blueprints/tech/TD-394--1196-rtl-support-logical-css.md
CREATED docs/blueprints/tech/TD-395--1197-accessible-components-wcag-22-aa.md
CREATED docs/blueprints/tech/TD-396--1198-form-localization-validation.md
CREATED docs/blueprints/tech/TD-397--1199-public-seo-pages-localized-metadata-jsonld.md
CREATED docs/blueprints/tech/TD-398--11910-emails-notifications-localization-mjml.md
CREATED docs/blueprints/tech/TD-399--11911-translation-workflow-qa-pseudolocalization.md
CREATED docs/blueprints/tech/TD-400--11912-a11y-testing-automated-manual.md
CREATED docs/blueprints/tech/TD-401--11913-performance-bundle-budgets-for-i18n.md
CREATED docs/blueprints/tech/TD-402--11914-governance-language-coverage-content-policy.md
CREATED docs/blueprints/tech/TD-403--11915-work-packages-cursor-4agent-lanes.md
CREATED docs/blueprints/tech/TD-404--11916-acceptance-criteria-mark-119-final-only-when-all-true.md
CREATED docs/blueprints/tech/TD-405--120a-canon-invariants.md
CREATED docs/blueprints/tech/TD-406--120b-client-architecture.md
CREATED docs/blueprints/tech/TD-407--120c-pwa-configuration-manifest-sw-caching-offline.md
CREATED docs/blueprints/tech/TD-408--120d-optional-native-shells-react-native-expo.md
CREATED docs/blueprints/tech/TD-409--120e-auth-session-on-device.md
CREATED docs/blueprints/tech/TD-410--120f-messaging-ux-on-mobile.md
CREATED docs/blueprints/tech/TD-411--120g-push-notifications-apnsfcm-via-pinpointsns.md
CREATED docs/blueprints/tech/TD-412--120h-file-uploads-from-cameragallery.md
CREATED docs/blueprints/tech/TD-413--120i-safemode-age-gating-ux.md
CREATED docs/blueprints/tech/TD-414--120j-performance-budgets-mobile.md
CREATED docs/blueprints/tech/TD-415--120k-accessibility-mobile-a11y.md
CREATED docs/blueprints/tech/TD-416--120l-deep-links-universal-links.md
CREATED docs/blueprints/tech/TD-417--120m-cicd-releases-pwa-rn-shells.md
CREATED docs/blueprints/tech/TD-418--120n-telemetry-crash-reporting.md
CREATED docs/blueprints/tech/TD-419--120o-error-taxonomy-clientsafe.md
CREATED docs/blueprints/tech/TD-420--120p-test-plan-device-ci.md
CREATED docs/blueprints/tech/TD-421--120q-work-packages-cursor-4agent-lanes.md
CREATED docs/blueprints/tech/TD-422--120r-acceptance-criteria-mark-120-final-only-when-all-true.md
CREATED docs/blueprints/tech/TD-423--121a-index-documents-schemas.md
CREATED docs/blueprints/tech/TD-424--121b-ingest-indexing-pipeline.md
CREATED docs/blueprints/tech/TD-425--121c-query-model-anyall-safemode-geoprice.md
CREATED docs/blueprints/tech/TD-426--121d-autocomplete-suggestions.md
CREATED docs/blueprints/tech/TD-427--121e-ranking-boosts-default-best-sort.md
CREATED docs/blueprints/tech/TD-428--121f-synonyms-stemming-typo-tolerance.md
CREATED docs/blueprints/tech/TD-429--121g-safemode-policy-exclusion.md
CREATED docs/blueprints/tech/TD-430--121h-caching-throughput-cost.md
CREATED docs/blueprints/tech/TD-431--121i-admin-curation-tools.md
CREATED docs/blueprints/tech/TD-432--121j-telemetry-evaluation-experimentation.md
CREATED docs/blueprints/tech/TD-433--121k-api-graphql.md
CREATED docs/blueprints/tech/TD-434--121l-test-plan.md
CREATED docs/blueprints/tech/TD-435--121m-acceptance-criteria-mark-121-final-only-when-all-true.md
CREATED docs/blueprints/tech/TD-436--1221-canon-invariants.md
CREATED docs/blueprints/tech/TD-437--1222-pricing-fee-model-baseline.md
CREATED docs/blueprints/tech/TD-438--1223-data-model-aurora-orders-intents-transfers-refunds.md
CREATED docs/blueprints/tech/TD-439--1224-checkout-payment-flows.md
CREATED docs/blueprints/tech/TD-439.1--a-card-default-immediate-capture.md
CREATED docs/blueprints/tech/TD-439.2--b-manual-capture-short-hold.md
CREATED docs/blueprints/tech/TD-439.3--c-ach-phase-2-financial-connections.md
CREATED docs/blueprints/tech/TD-440--1225-stripe-connect-onboarding-providers.md
CREATED docs/blueprints/tech/TD-441--1226-charges-transfers-pattern.md
CREATED docs/blueprints/tech/TD-442--1227-webhooks-idempotency-order-state-machine.md
CREATED docs/blueprints/tech/TD-443--1228-refunds-cancellations-disputes.md
CREATED docs/blueprints/tech/TD-444--1229-credits-vouchers-taxes.md
CREATED docs/blueprints/tech/TD-445--12210-payout-scheduling-reserves.md
CREATED docs/blueprints/tech/TD-446--12211-fraud-controls-risk-flags-tied-to-118-115.md
CREATED docs/blueprints/tech/TD-447--12212-reconciliation-ledgers-analytics-lake.md
CREATED docs/blueprints/tech/TD-448--12213-admin-finance-console.md
CREATED docs/blueprints/tech/TD-449--12214-telemetry-slos-cost.md
CREATED docs/blueprints/tech/TD-450--12215-test-plan.md
CREATED docs/blueprints/tech/TD-451--12216-work-packages-cursor-4agent-lanes.md
CREATED docs/blueprints/tech/TD-452--12217-acceptance-criteria-mark-122-final-only-when-all-true.md
CREATED docs/blueprints/tech/TD-453--1231-canon-invariants.md
CREATED docs/blueprints/tech/TD-454--1232-data-model.md
CREATED docs/blueprints/tech/TD-454.1--12321-dynamodb-primary-realtime-path.md
CREATED docs/blueprints/tech/TD-454.2--12322-aurora-relational-join-analytics.md
CREATED docs/blueprints/tech/TD-455--1233-graphql-schema-appsync.md
CREATED docs/blueprints/tech/TD-456--1234-realtime-delivery-receipts-typing.md
CREATED docs/blueprints/tech/TD-457--1235-message-requests-credits-contact-filters.md
CREATED docs/blueprints/tech/TD-458--1236-action-cards-structured-forms-in-chat.md
CREATED docs/blueprints/tech/TD-459--1237-attachments-previews-s3-safemode.md
CREATED docs/blueprints/tech/TD-460--1238-inbox-folders-filters-search.md
CREATED docs/blueprints/tech/TD-461--1239-spam-controls-rate-limits-safety.md
CREATED docs/blueprints/tech/TD-462--12310-notifications-emailpush-quiet-hours.md
CREATED docs/blueprints/tech/TD-463--12311-project-panel-rightpane-data.md
CREATED docs/blueprints/tech/TD-464--12312-error-taxonomy-clientsafe.md
CREATED docs/blueprints/tech/TD-465--12313-observability-telemetry.md
CREATED docs/blueprints/tech/TD-466--12314-cost-scale-posture.md
CREATED docs/blueprints/tech/TD-467--12315-security-privacy-retention.md
CREATED docs/blueprints/tech/TD-468--12316-test-plan.md
CREATED docs/blueprints/tech/TD-469--12317-work-packages-cursor-4agent-lanes.md
CREATED docs/blueprints/tech/TD-470--12318-acceptance-criteria-mark-123-final-only-when-all-true.md
CREATED docs/blueprints/tech/TD-471--1241-objectives-scope.md
CREATED docs/blueprints/tech/TD-472--1242-architecture-costsavvy-elastic.md
CREATED docs/blueprints/tech/TD-473--1243-data-model-aurora-postgresql-s3.md
CREATED docs/blueprints/tech/TD-474--1244-graphql-schema-selected.md
CREATED docs/blueprints/tech/TD-475--1245-booking-widget-ui-validation.md
CREATED docs/blueprints/tech/TD-476--1246-reviews-reputation-spacescoped.md
CREATED docs/blueprints/tech/TD-477--1247-host-createedit-wizard-endtoend.md
CREATED docs/blueprints/tech/TD-478--1248-host-dashboard-operations.md
CREATED docs/blueprints/tech/TD-479--1249-search-pair-with-talent-links.md
CREATED docs/blueprints/tech/TD-480--12410-privacy-policy-safety.md
CREATED docs/blueprints/tech/TD-481--12411-notifications-ics.md
CREATED docs/blueprints/tech/TD-482--12412-observability-kpis.md
CREATED docs/blueprints/tech/TD-483--12413-test-plan.md
CREATED docs/blueprints/tech/TD-484--12414-cost-scale.md
CREATED docs/blueprints/tech/TD-485--12415-work-packages-cursor-4agent-lanes.md
CREATED docs/blueprints/tech/TD-486--12416-acceptance-criteria-mark-124-final-only-when-all-true.md
CREATED docs/blueprints/tech/TD-486.1--a-insurance-coi-requirements-optional-but-supported-at-launch.md
CREATED docs/blueprints/tech/TD-486.2--b-pricing-tiers-overtime-crewsize-multipliers.md
CREATED docs/blueprints/tech/TD-486.3--c-ada-accessibility-quickfacts-public-filterable.md
CREATED docs/blueprints/tech/TD-486.4--d-host-cancellation-penalties-reputation-impact.md
CREATED docs/blueprints/tech/TD-486.5--e-evidence-deposit-capture-rules-postbooking.md
CREATED docs/blueprints/tech/TD-486.6--f-response-sla-autocancel-for-requests-not-ib.md
CREATED docs/blueprints/tech/TD-486.7--g-availability-blackouts-holidays.md
CREATED docs/blueprints/tech/TD-486.8--h-seo-jsonld-for-studio-listings-sfwonly.md
CREATED docs/blueprints/tech/TD-486.9--i-approximate-location-policy-geohash-precision.md
CREATED docs/blueprints/tech/TD-486.10--j-houserules-releases-template-library-versioning.md
CREATED docs/blueprints/tech/TD-486.11--k-calendar-sync-posture-phase-2-twoway.md
CREATED docs/blueprints/tech/TD-486.12--l-expanded-tests-add-to-12413.md
CREATED docs/blueprints/tech/TD-486.13--m-workpackages-delta-cursor-4agent-lanes.md
CREATED docs/blueprints/tech/TD-487--1261-canon-invariants.md
CREATED docs/blueprints/tech/TD-488--1262-roles-permissions-rbac.md
CREATED docs/blueprints/tech/TD-489--1263-app-shell-security.md
CREATED docs/blueprints/tech/TD-490--1264-data-model-aurora-cases-actions-audit.md
CREATED docs/blueprints/tech/TD-491--1265-modules-screens.md
CREATED docs/blueprints/tech/TD-491.1--a-user-management.md
CREATED docs/blueprints/tech/TD-491.2--b-listing-management.md
CREATED docs/blueprints/tech/TD-491.3--c-trust-safety-casework.md
CREATED docs/blueprints/tech/TD-491.4--d-finance-ops.md
CREATED docs/blueprints/tech/TD-491.5--e-search-curation-121.md
CREATED docs/blueprints/tech/TD-491.6--f-smart-docs-admin-125.md
CREATED docs/blueprints/tech/TD-491.7--g-content-ops-cms.md
CREATED docs/blueprints/tech/TD-491.8--h-flags-configuration.md
CREATED docs/blueprints/tech/TD-492--1266-admin-api-graphql.md
CREATED docs/blueprints/tech/TD-493--1267-jit-access-privacy-guardrails.md
CREATED docs/blueprints/tech/TD-494--1268-observability-slas.md
CREATED docs/blueprints/tech/TD-495--1269-content-seo-operations-light-cms.md
CREATED docs/blueprints/tech/TD-496--12610-ratelimit-risk-tuning.md
CREATED docs/blueprints/tech/TD-497--12611-feature-flags-config.md
CREATED docs/blueprints/tech/TD-498--12612-cicd-access-controls.md
CREATED docs/blueprints/tech/TD-499--12613-test-plan.md
CREATED docs/blueprints/tech/TD-500--12614-work-packages-cursor-4agent-lanes.md
CREATED docs/blueprints/tech/TD-501--12615-acceptance-criteria-mark-126-final-only-when-all-true.md
CREATED docs/blueprints/tech/TD-502--1271-canon-invariants.md
CREATED docs/blueprints/tech/TD-503--1272-url-design-routing.md
CREATED docs/blueprints/tech/TD-504--1273-canonical-robots-and-meta-tags.md
CREATED docs/blueprints/tech/TD-505--1274-robotstxt-and-crawl-allowances.md
CREATED docs/blueprints/tech/TD-506--1275-sitemap-strategy-index-modular-feeds.md
CREATED docs/blueprints/tech/TD-507--1276-structured-data-jsonld.md
CREATED docs/blueprints/tech/TD-507.1--a-person-sfw-profile.md
CREATED docs/blueprints/tech/TD-507.2--b-place-studio-listing-approximate-coordinates-only.md
CREATED docs/blueprints/tech/TD-507.3--c-breadcrumblist-for-directories.md
CREATED docs/blueprints/tech/TD-508--1277-ssrisr-build-plan.md
CREATED docs/blueprints/tech/TD-509--1278-pagination-faceted-navigation.md
CREATED docs/blueprints/tech/TD-510--1279-internal-linking-content-hubs.md
CREATED docs/blueprints/tech/TD-511--12710-media-opengraph-twitter-cards.md
CREATED docs/blueprints/tech/TD-512--12711-core-web-vitals-budgets-enforcements.md
CREATED docs/blueprints/tech/TD-513--12712-error-redirect-policy.md
CREATED docs/blueprints/tech/TD-514--12713-safemode-sfw-gating-seo.md
CREATED docs/blueprints/tech/TD-515--12714-analytics-monitoring.md
CREATED docs/blueprints/tech/TD-516--12715-cost-posture.md
CREATED docs/blueprints/tech/TD-517--12716-artifacts-copypasteable.md
CREATED docs/blueprints/tech/TD-518--12717-test-plan.md
CREATED docs/blueprints/tech/TD-519--12718-acceptance-criteria-mark-127-final-only-when-all-true.md
CREATED docs/blueprints/tech/TD-520--1281-canon-invariants.md
CREATED docs/blueprints/tech/TD-521--1282-roles-permissions-rbac.md
CREATED docs/blueprints/tech/TD-522--1283-app-shell-perimeter-security.md
CREATED docs/blueprints/tech/TD-523--1284-data-model-cases-actions-audit.md
CREATED docs/blueprints/tech/TD-524--1285-modules-screens.md
CREATED docs/blueprints/tech/TD-524.1--a-user-management.md
CREATED docs/blueprints/tech/TD-524.2--b-listing-management-people-studios.md
CREATED docs/blueprints/tech/TD-524.3--c-trust-safety-casework.md
CREATED docs/blueprints/tech/TD-524.4--d-finance-operations.md
CREATED docs/blueprints/tech/TD-524.5--e-search-curation-ties-121.md
CREATED docs/blueprints/tech/TD-524.6--f-smart-docs-admin-ties-126.md
CREATED docs/blueprints/tech/TD-524.7--g-content-ops-light-cms.md
CREATED docs/blueprints/tech/TD-524.8--h-feature-flags-risk-knobs.md
CREATED docs/blueprints/tech/TD-525--1286-admin-api-graphql.md
CREATED docs/blueprints/tech/TD-526--1287-jit-access-privacy-guardrails.md
CREATED docs/blueprints/tech/TD-527--1288-observability-slas.md
CREATED docs/blueprints/tech/TD-528--1289-cms-seo-ops-public-content.md
CREATED docs/blueprints/tech/TD-529--12810-ratelimit-risk-tuning.md
CREATED docs/blueprints/tech/TD-530--12811-feature-flags-configuration.md
CREATED docs/blueprints/tech/TD-531--12812-cicd-access-controls.md
CREATED docs/blueprints/tech/TD-532--12813-test-plan.md
CREATED docs/blueprints/tech/TD-533--12814-work-packages-cursor-4agent-lanes.md
CREATED docs/blueprints/tech/TD-534--12815-acceptance-criteria-mark-128-final-only-when-all-true.md
CREATED docs/blueprints/tech/TD-535--1291-scope-from-nontechnical-plan-technical.md
CREATED docs/blueprints/tech/TD-536--1292-architecture-costconscious-elastic.md
CREATED docs/blueprints/tech/TD-537--1293-data-model-aurora-postgresql-s3.md
CREATED docs/blueprints/tech/TD-538--1294-graphql-schema-selected.md
CREATED docs/blueprints/tech/TD-539--1295-public-ui-web-ownereditor-flows.md
CREATED docs/blueprints/tech/TD-540--1296-safemode-policy.md
CREATED docs/blueprints/tech/TD-541--1297-media-pipeline.md
CREATED docs/blueprints/tech/TD-542--1298-discovery-seo.md
CREATED docs/blueprints/tech/TD-543--1299-analytics-kpis.md
CREATED docs/blueprints/tech/TD-544--12910-cost-scale.md
CREATED docs/blueprints/tech/TD-545--12911-artifacts-copypasteable-into-your-word-plan.md
CREATED docs/blueprints/tech/TD-546--12912-test-plan.md
CREATED docs/blueprints/tech/TD-547--12913-work-packages-cursor-4agent-lanes.md
CREATED docs/blueprints/tech/TD-548--12914-acceptance-criteria-mark-129-final-only-when-all-true.md
CREATED docs/blueprints/tech/TD-549--131-scope-confirmation-from-nontechnical-technical.md
CREATED docs/blueprints/tech/TD-550--132-architecture-cost-posture.md
CREATED docs/blueprints/tech/TD-551--133-data-model-aurora-schema-booking.md
CREATED docs/blueprints/tech/TD-552--134-graphql-api-appsync.md
CREATED docs/blueprints/tech/TD-553--135-booking-modes-flows.md
CREATED docs/blueprints/tech/TD-553.1--a-instant-book-ib-optin-per-provider.md
CREATED docs/blueprints/tech/TD-553.2--b-requesttobook-rtb.md
CREATED docs/blueprints/tech/TD-553.3--c-smart-invite-private-multirecipient.md
CREATED docs/blueprints/tech/TD-554--136-checkout-contracts-esign.md
CREATED docs/blueprints/tech/TD-555--137-money-movement-escrow-release-payouts.md
CREATED docs/blueprints/tech/TD-556--138-fees-tax-currencies.md
CREATED docs/blueprints/tech/TD-557--139-cancellations-reschedules-noshows-policy-engine.md
CREATED docs/blueprints/tech/TD-558--1310-disputes-chargebacks.md
CREATED docs/blueprints/tech/TD-559--1311-events-webhooks-idempotency.md
CREATED docs/blueprints/tech/TD-560--1312-messaging-calendar-integration.md
CREATED docs/blueprints/tech/TD-561--1313-security-privacy-and-safemode.md
CREATED docs/blueprints/tech/TD-562--1314-cost-controls.md
CREATED docs/blueprints/tech/TD-563--1315-artifacts-textonly-paste-into-your-doc.md
CREATED docs/blueprints/tech/TD-564--1316-test-plan-representative-not-exhaustive.md
CREATED docs/blueprints/tech/TD-565--1317-acceptance-criteria-mark-13-final-only-when-all-true.md
CREATED docs/blueprints/tech/TD-549--131-scope-confirmation-from-nontechnical-technical.md
CREATED docs/blueprints/tech/TD-550--132-architecture-cost-posture.md
CREATED docs/blueprints/tech/TD-551--133-data-model-aurora-schema-booking.md
CREATED docs/blueprints/tech/TD-552--134-graphql-api-appsync.md
CREATED docs/blueprints/tech/TD-553--135-booking-modes-flows.md
CREATED docs/blueprints/tech/TD-553.1--a-instant-book-ib-optin-per-provider.md
CREATED docs/blueprints/tech/TD-553.2--b-requesttobook-rtb.md
CREATED docs/blueprints/tech/TD-553.3--c-smart-invite-private-multirecipient.md
CREATED docs/blueprints/tech/TD-554--136-checkout-contracts-esign.md
CREATED docs/blueprints/tech/TD-555--137-money-movement-escrow-release-payouts.md
CREATED docs/blueprints/tech/TD-556--138-fees-tax-currencies.md
CREATED docs/blueprints/tech/TD-557--139-cancellations-reschedules-noshows-policy-engine.md
CREATED docs/blueprints/tech/TD-558--1310-disputes-chargebacks.md
CREATED docs/blueprints/tech/TD-559--1311-events-webhooks-idempotency.md
CREATED docs/blueprints/tech/TD-560--1312-messaging-calendar-integration.md
CREATED docs/blueprints/tech/TD-561--1313-security-privacy-and-safemode.md
CREATED docs/blueprints/tech/TD-562--1314-cost-controls.md
CREATED docs/blueprints/tech/TD-563--1315-artifacts-textonly-paste-into-your-doc.md
CREATED docs/blueprints/tech/TD-566--1316-test-plan-representative-not-exhaustive.md
CREATED docs/blueprints/tech/TD-567--1317-acceptance-criteria-mark-13-final-only-when-all-true.md
CREATED docs/blueprints/tech/TD-568--141-scope-confirmation.md
CREATED docs/blueprints/tech/TD-569--142-architecture-elastic-lowcost.md
CREATED docs/blueprints/tech/TD-570--143-data-model-aurora-dynamo-s3.md
CREATED docs/blueprints/tech/TD-571--144-graphql-schema-selected.md
CREATED docs/blueprints/tech/TD-572--145-inbox-ux-folders.md
CREATED docs/blueprints/tech/TD-573--146-action-cards-structured-flows-inside-chat.md
CREATED docs/blueprints/tech/TD-574--147-message-requests-anticircumvention.md
CREATED docs/blueprints/tech/TD-575--148-notifications-digests.md
CREATED docs/blueprints/tech/TD-576--149-moderation-safety-privacy.md
CREATED docs/blueprints/tech/TD-577--1410-observability-kpis-cost.md
CREATED docs/blueprints/tech/TD-578--1411-work-packages-cursor-4agent-lanes.md
CREATED docs/blueprints/tech/TD-579--1412-test-plan-part-1.md
CREATED docs/blueprints/tech/TD-580--1413-acceptance-criteria-part-1.md
CREATED docs/blueprints/tech/TD-581--14a-action-card-payload-schemas-authoritative.md
CREATED docs/blueprints/tech/TD-581.1--1-reschedule-typereschedule.md
CREATED docs/blueprints/tech/TD-581.2--2-extras-overtime-typeextras.md
CREATED docs/blueprints/tech/TD-581.3--3-proofs-approvals-typeproofs.md
CREATED docs/blueprints/tech/TD-581.4--4-expense-receipt-typeexpense.md
CREATED docs/blueprints/tech/TD-581.5--5-mark-complete-deliver-typecomplete.md
CREATED docs/blueprints/tech/TD-581.6--6-dispute-typedispute.md
CREATED docs/blueprints/tech/TD-581.7--7-safety-flag-typesafety.md
CREATED docs/blueprints/tech/TD-582--14b-inbox-search-syntax-typesense-mapping.md
CREATED docs/blueprints/tech/TD-583--14c-presence-typing-delivery-read-receipts.md
CREATED docs/blueprints/tech/TD-584--14d-email-push-templates-transactional-digest.md
CREATED docs/blueprints/tech/TD-585--14e-digest-generation-batching.md
CREATED docs/blueprints/tech/TD-586--14f-quiet-hours-exceptions.md
CREATED docs/blueprints/tech/TD-587--14g-anticircumvention-patterns-thresholds.md
CREATED docs/blueprints/tech/TD-588--14h-admin-casebound-access-to-threads.md
CREATED docs/blueprints/tech/TD-589--14i-credits-contact-filters-rate-limits.md
CREATED docs/blueprints/tech/TD-590--14j-safety-attachments-retention.md
CREATED docs/blueprints/tech/TD-591--14k-error-codes-selected.md
CREATED docs/blueprints/tech/TD-592--14l-observability-kpis-expansion.md
CREATED docs/blueprints/tech/TD-593--14m-work-packages-cursor-4agent-lanes-continued.md
CREATED docs/blueprints/tech/TD-594--14n-test-plan-additional-cases-to-reach-999.md
CREATED docs/blueprints/tech/TD-595--14o-acceptance-criteria-mark-14-final-only-when-all-true.md
CREATED docs/blueprints/tech/TD-596--15-trust-safety-verification-technical-development-plan.md
CREATED docs/blueprints/tech/TD-596.1--15a-objectives-nongoals.md
CREATED docs/blueprints/tech/TD-596.2--15b-architecture-aws-amplify-gen2-appsync-stripefirst.md
CREATED docs/blueprints/tech/TD-596.3--15c-data-model-dynamodb-s3.md
CREATED docs/blueprints/tech/TD-596.4--15d-graphql-schema-appsync.md
CREATED docs/blueprints/tech/TD-596.5--15e-state-machines-aws-step-functions.md
CREATED docs/blueprints/tech/TD-596.6--15f-enforcement-risk.md
CREATED docs/blueprints/tech/TD-596.7--15g-safemode-public-surfaces.md
CREATED docs/blueprints/tech/TD-596.8--15h-verification-center-ux-backend.md
CREATED docs/blueprints/tech/TD-596.9--15i-admin-console-ts-support-finance.md
CREATED docs/blueprints/tech/TD-596.10--15j-security-privacy-retention.md
CREATED docs/blueprints/tech/TD-596.11--15k-cost-profile-phase-plan-build-launch-growth.md
CREATED docs/blueprints/tech/TD-596.12--15l-telemetry-metrics-alarms.md
CREATED docs/blueprints/tech/TD-596.13--15m-acceptance-criteria-mirrors-your-llist-made-testable.md
CREATED docs/blueprints/tech/TD-596.14--15n-rollout-ops-playbook.md
CREATED docs/blueprints/tech/TD-596.15--15o-cursor-4agents-build-plan-so-we-can-ship-on-autopilot.md
CREATED docs/blueprints/tech/TD-597--161-scope-confirmation-from-your-nontechnical-plan-technical.md
CREATED docs/blueprints/tech/TD-598--162-architecture-cost-posture.md
CREATED docs/blueprints/tech/TD-599--163-information-architecture-ia.md
CREATED docs/blueprints/tech/TD-600--164-kb-data-model-aurora-schema-kb.md
CREATED docs/blueprints/tech/TD-601--165-kb-search-typesense.md
CREATED docs/blueprints/tech/TD-602--166-support-widget-guided-flows-deflection.md
CREATED docs/blueprints/tech/TD-603--167-ticketing-priorities-routing-slas-macros-qa.md
CREATED docs/blueprints/tech/TD-604--168-agent-console-context-oneclick-outcomes.md
CREATED docs/blueprints/tech/TD-605--169-policy-playbooks-agentfacing-summaries.md
CREATED docs/blueprints/tech/TD-606--1610-accessibility-localization.md
CREATED docs/blueprints/tech/TD-607--1611-email-templates-ses-textonly-artifacts.md
CREATED docs/blueprints/tech/TD-608--1612-observability-dashboards.md
CREATED docs/blueprints/tech/TD-609--1613-cost-scaling.md
CREATED docs/blueprints/tech/TD-610--1614-tests-representative.md
CREATED docs/blueprints/tech/TD-611--1615-artifacts-copypasteable-into-your-plan.md
CREATED docs/blueprints/tech/TD-612--1616-acceptance-criteria-mark-16-final-only-when-all-true.md
