docs/blueprints/tech/TD-01-12a-surfaces-ux-contract/TD-1-overview.md
docs/blueprints/tech/TD-02-12b-engine-collections/TD-2-overview.md
docs/blueprints/tech/TD-03-12c-index-schema-canonical/TD-3-overview.md
docs/blueprints/tech/TD-04-12d-analyzers-normalization/TD-4-overview.md
docs/blueprints/tech/TD-05-12e-filters-ui-chips/TD-5-overview.md
docs/blueprints/tech/TD-06-12f-query-grammar-api-contracts/TD-6-overview.md
docs/blueprints/tech/TD-07-12g-ranking-fairness/TD-7-overview.md
docs/blueprints/tech/TD-08-12h-promotions-integrity-invalidclick-handling/TD-8-overview.md
docs/blueprints/tech/TD-09-12i-caching-rate-limits-and-slos/TD-9-overview.md
docs/blueprints/tech/TD-10-12j-ingestion-update-pipeline/TD-10-overview.md
docs/blueprints/tech/TD-11-12k-telemetry-analytics/TD-11-overview.md
docs/blueprints/tech/TD-12-12l-admin-tools-console/TD-12-overview.md
docs/blueprints/tech/TD-13-12m-error-model-api/TD-13-overview.md
docs/blueprints/tech/TD-14-12n-synonyms-taxonomies-starter-sets/TD-14-overview.md
docs/blueprints/tech/TD-15-12o-security-privacy-safety-controls/TD-15-overview.md
docs/blueprints/tech/TD-16-12p-cost-controls/TD-16-overview.md
docs/blueprints/tech/TD-17-12q-test-plan-mustpass/TD-17-overview.md
docs/blueprints/tech/TD-18-12r-work-packages-for-your-4-cursor-agents/TD-18-overview.md
docs/blueprints/tech/TD-19-12s-acceptance-criteria-mark-12-final-only-when-all-are-true/TD-19-overview.md
docs/blueprints/tech/TD-20-13a-canon-invariants/TD-20-overview.md
docs/blueprints/tech/TD-21-13b-domain-model-aurora-postgresql-source-of-record/TD-21-overview.md
docs/blueprints/tech/TD-22-13c-state-machines-per-leg-and-for-lbg/TD-22-overview.md
docs/blueprints/tech/TD-23-13d-checkout-payment-flows/TD-23-overview.md
docs/blueprints/tech/TD-24-13e-tax-jurisdictions/TD-24-overview.md
docs/blueprints/tech/TD-25-13f-amendments-extras-overtime/TD-25-overview.md
docs/blueprints/tech/TD-26-13g-refunds-cancellations/TD-26-overview.md
docs/blueprints/tech/TD-27-13h-disputes/TD-27-overview.md
docs/blueprints/tech/TD-28-13i-graphql-api-checkout-lifecycle-key-operations/TD-28-overview.md
docs/blueprints/tech/TD-29-13j-receipts-statements/TD-29-overview.md
docs/blueprints/tech/TD-30-13k-payout-scheduler-reserves/TD-30-overview.md
docs/blueprints/tech/TD-31-13l-admin-surfaces-finance-support-trust/TD-31-overview.md
docs/blueprints/tech/TD-32-13m-telemetry-immutable-events/TD-32-overview.md
docs/blueprints/tech/TD-33-13n-slos-cost/TD-33-overview.md
docs/blueprints/tech/TD-34-13o-error-taxonomy-clientsafe/TD-34-overview.md
docs/blueprints/tech/TD-35-13p-test-plan-mustpass-ci-sandbox/TD-35-overview.md
docs/blueprints/tech/TD-36-13q-work-packages-cursor-agents/TD-36-overview.md
docs/blueprints/tech/TD-37-13r-acceptance-criteria-mark-13-final-only-when-all-true/TD-37-overview.md
docs/blueprints/tech/TD-38-13k-change-orders-extras-overtime-full-specification/TD-38-overview.md
docs/blueprints/tech/TD-38-13k-change-orders-extras-overtime-full-specification/TD-38.1-k1-purpose-invariants.md
docs/blueprints/tech/TD-38-13k-change-orders-extras-overtime-full-specification/TD-38.2-k2-data-model-amendments-already-introduced-here-are-line-details.md
docs/blueprints/tech/TD-38-13k-change-orders-extras-overtime-full-specification/TD-38.3-k3-api.md
docs/blueprints/tech/TD-38-13k-change-orders-extras-overtime-full-specification/TD-38.4-k4-flow.md
docs/blueprints/tech/TD-38-13k-change-orders-extras-overtime-full-specification/TD-38.5-k5-validation-caps.md
docs/blueprints/tech/TD-38-13k-change-orders-extras-overtime-full-specification/TD-38.6-k6-telemetry.md
docs/blueprints/tech/TD-39-13l-cancellation-refund-policy-engine/TD-39-overview.md
docs/blueprints/tech/TD-39-13l-cancellation-refund-policy-engine/TD-39.1-l1-invariants.md
docs/blueprints/tech/TD-39-13l-cancellation-refund-policy-engine/TD-39.2-l2-policy-schema.md
docs/blueprints/tech/TD-39-13l-cancellation-refund-policy-engine/TD-39.3-l3-engine-behavior.md
docs/blueprints/tech/TD-39-13l-cancellation-refund-policy-engine/TD-39.4-l4-api.md
docs/blueprints/tech/TD-39-13l-cancellation-refund-policy-engine/TD-39.5-l5-refund-execution.md
docs/blueprints/tech/TD-39-13l-cancellation-refund-policy-engine/TD-39.6-l6-edge-cases.md
docs/blueprints/tech/TD-40-13m-acceptance-window-buyer-confirmation-after-session/TD-40-overview.md
docs/blueprints/tech/TD-40-13m-acceptance-window-buyer-confirmation-after-session/TD-40.1-m1-contract.md
docs/blueprints/tech/TD-40-13m-acceptance-window-buyer-confirmation-after-session/TD-40.2-m2-data-points.md
docs/blueprints/tech/TD-40-13m-acceptance-window-buyer-confirmation-after-session/TD-40.3-m3-implementation.md
docs/blueprints/tech/TD-40-13m-acceptance-window-buyer-confirmation-after-session/TD-40.4-m4-telemetry.md
docs/blueprints/tech/TD-41-13n-studio-deposit-claims/TD-41-overview.md
docs/blueprints/tech/TD-41-13n-studio-deposit-claims/TD-41.1-n1-purpose.md
docs/blueprints/tech/TD-41-13n-studio-deposit-claims/TD-41.2-n2-flow.md
docs/blueprints/tech/TD-41-13n-studio-deposit-claims/TD-41.3-n3-api-data.md
docs/blueprints/tech/TD-41-13n-studio-deposit-claims/TD-41.4-n4-constraints.md
docs/blueprints/tech/TD-42-13o-receipts-perleg-group-summary/TD-42-overview.md
docs/blueprints/tech/TD-42-13o-receipts-perleg-group-summary/TD-42.1-o1-templates.md
docs/blueprints/tech/TD-42-13o-receipts-perleg-group-summary/TD-42.2-o2-rendering.md
docs/blueprints/tech/TD-42-13o-receipts-perleg-group-summary/TD-42.3-o3-rounding.md
docs/blueprints/tech/TD-43-13p-webhooks-normalized-events-mapping/TD-43-overview.md
docs/blueprints/tech/TD-43-13p-webhooks-normalized-events-mapping/TD-43.1-p1-stripe-examples.md
docs/blueprints/tech/TD-43-13p-webhooks-normalized-events-mapping/TD-43.2-p2-tax-provider.md
docs/blueprints/tech/TD-43-13p-webhooks-normalized-events-mapping/TD-43.3-p3-esign-vendor.md
docs/blueprints/tech/TD-44-13q-error-taxonomy-additions-for-this-part/TD-44-overview.md
docs/blueprints/tech/TD-45-13r-test-plan-part-2-focus/TD-45-overview.md
docs/blueprints/tech/TD-46-13s-acceptance-criteria-part-2/TD-46-overview.md
docs/blueprints/tech/TD-47-13t-payouts-reserves-instant-payouts-timing-failure-modes/TD-47-overview.md
docs/blueprints/tech/TD-47-13t-payouts-reserves-instant-payouts-timing-failure-modes/TD-47.1-t1-principles.md
docs/blueprints/tech/TD-47-13t-payouts-reserves-instant-payouts-timing-failure-modes/TD-47.2-t2-data-states.md
docs/blueprints/tech/TD-47-13t-payouts-reserves-instant-payouts-timing-failure-modes/TD-47.3-t3-computation-of-payout-amounts.md
docs/blueprints/tech/TD-47-13t-payouts-reserves-instant-payouts-timing-failure-modes/TD-47.4-t4-scheduler-execution.md
docs/blueprints/tech/TD-47-13t-payouts-reserves-instant-payouts-timing-failure-modes/TD-47.5-t5-instant-payouts-optional.md
docs/blueprints/tech/TD-47-13t-payouts-reserves-instant-payouts-timing-failure-modes/TD-47.6-t6-failure-modes-handling.md
docs/blueprints/tech/TD-47-13t-payouts-reserves-instant-payouts-timing-failure-modes/TD-47.7-t7-telemetry.md
docs/blueprints/tech/TD-48-13u-disputes-chargebacks-evidence-kits/TD-48-overview.md
docs/blueprints/tech/TD-48-13u-disputes-chargebacks-evidence-kits/TD-48.1-u1-sources-of-evidence.md
docs/blueprints/tech/TD-48-13u-disputes-chargebacks-evidence-kits/TD-48.2-u2-flow.md
docs/blueprints/tech/TD-48-13u-disputes-chargebacks-evidence-kits/TD-48.3-u3-admin-console-trust-finance.md
docs/blueprints/tech/TD-48-13u-disputes-chargebacks-evidence-kits/TD-48.4-u4-telemetry.md
docs/blueprints/tech/TD-49-13v-daily-finance-close-reconciliation-hard-gate/TD-49-overview.md
docs/blueprints/tech/TD-49-13v-daily-finance-close-reconciliation-hard-gate/TD-49.1-v1-purpose.md
docs/blueprints/tech/TD-49-13v-daily-finance-close-reconciliation-hard-gate/TD-49.2-v2-inputs.md
docs/blueprints/tech/TD-49-13v-daily-finance-close-reconciliation-hard-gate/TD-49.3-v3-checks-examples.md
docs/blueprints/tech/TD-49-13v-daily-finance-close-reconciliation-hard-gate/TD-49.4-v4-flow.md
docs/blueprints/tech/TD-49-13v-daily-finance-close-reconciliation-hard-gate/TD-49.5-v5-admin-tiles.md
docs/blueprints/tech/TD-49-13v-daily-finance-close-reconciliation-hard-gate/TD-49.6-v6-telemetry.md
docs/blueprints/tech/TD-50-13w-admin-consoles-finance-support-trust-city-ops/TD-50-overview.md
docs/blueprints/tech/TD-50-13w-admin-consoles-finance-support-trust-city-ops/TD-50.1-w1-finance.md
docs/blueprints/tech/TD-50-13w-admin-consoles-finance-support-trust-city-ops/TD-50.2-w2-support.md
docs/blueprints/tech/TD-50-13w-admin-consoles-finance-support-trust-city-ops/TD-50.3-w3-trust-safety.md
docs/blueprints/tech/TD-50-13w-admin-consoles-finance-support-trust-city-ops/TD-50.4-w4-city-ops-promotions.md
docs/blueprints/tech/TD-51-13x-error-incident-playbook-selected/TD-51-overview.md
docs/blueprints/tech/TD-52-13y-full-e2e-test-matrix-implement-in-ci-sandbox/TD-52-overview.md
docs/blueprints/tech/TD-53-13z-acceptance-criteria-mark-13-final-only-when-all-true/TD-53-overview.md
docs/blueprints/tech/TD-54-14a-canon-invariants/TD-54-overview.md
docs/blueprints/tech/TD-55-14b-data-model-storage/TD-55-overview.md
docs/blueprints/tech/TD-55-14b-data-model-storage/TD-55.1-b1-dynamodb-singletable-messaging.md
docs/blueprints/tech/TD-55-14b-data-model-storage/TD-55.2-b2-presence-typing-ephemeral.md
docs/blueprints/tech/TD-55-14b-data-model-storage/TD-55.3-b3-s3-buckets-previews-only.md
docs/blueprints/tech/TD-56-14c-graphql-api-appsync-types-queries-mutations-subscriptions/TD-56-overview.md
docs/blueprints/tech/TD-56-14c-graphql-api-appsync-types-queries-mutations-subscriptions/TD-56.1-c1-core-types-excerpt.md
docs/blueprints/tech/TD-56-14c-graphql-api-appsync-types-queries-mutations-subscriptions/TD-56.2-c2-queries.md
docs/blueprints/tech/TD-56-14c-graphql-api-appsync-types-queries-mutations-subscriptions/TD-56.3-c3-mutations-selected.md
docs/blueprints/tech/TD-56-14c-graphql-api-appsync-types-queries-mutations-subscriptions/TD-56.4-c4-subscriptions.md
docs/blueprints/tech/TD-57-14d-project-panel-tabs-schemas-behavior/TD-57-overview.md
docs/blueprints/tech/TD-57-14d-project-panel-tabs-schemas-behavior/TD-57.1-d1-brief.md
docs/blueprints/tech/TD-57-14d-project-panel-tabs-schemas-behavior/TD-57.2-d2-moodboard.md
docs/blueprints/tech/TD-57-14d-project-panel-tabs-schemas-behavior/TD-57.3-d3-shot-list.md
docs/blueprints/tech/TD-57-14d-project-panel-tabs-schemas-behavior/TD-57.4-d4-files.md
docs/blueprints/tech/TD-57-14d-project-panel-tabs-schemas-behavior/TD-57.5-d5-docs-esign.md
docs/blueprints/tech/TD-57-14d-project-panel-tabs-schemas-behavior/TD-57.6-d6-expenses.md
docs/blueprints/tech/TD-57-14d-project-panel-tabs-schemas-behavior/TD-57.7-d7-actions.md
docs/blueprints/tech/TD-58-14e-action-cards-contract-state-machines-examples/TD-58-overview.md
docs/blueprints/tech/TD-59-14f-presence-read-receipts-typing/TD-59-overview.md
docs/blueprints/tech/TD-60-14g-moderation-safety-anticircumvention/TD-60-overview.md
docs/blueprints/tech/TD-61-14h-notifications-email-push-sms/TD-61-overview.md
docs/blueprints/tech/TD-62-14i-file-pipeline-limits/TD-62-overview.md
docs/blueprints/tech/TD-63-14j-admin-consoles-support-ts-finance/TD-63-overview.md
docs/blueprints/tech/TD-64-14k-observability-telemetry-and-lineage/TD-64-overview.md
docs/blueprints/tech/TD-65-14l-performance-cost/TD-65-overview.md
docs/blueprints/tech/TD-66-14m-error-taxonomy-clientsafe/TD-66-overview.md
docs/blueprints/tech/TD-67-14n-test-plan-ci-sandbox/TD-67-overview.md
docs/blueprints/tech/TD-68-14o-work-packages-cursor-agents/TD-68-overview.md
docs/blueprints/tech/TD-69-14p-acceptance-criteria-mark-14-final-only-when-all-true/TD-69-overview.md
docs/blueprints/tech/TD-70-15a-canon-invariants/TD-70-overview.md
docs/blueprints/tech/TD-71-15b-data-model-aurora-postgres-s3/TD-71-overview.md
docs/blueprints/tech/TD-72-15c-clause-library-variables/TD-72-overview.md
docs/blueprints/tech/TD-73-15d-template-composition/TD-73-overview.md
docs/blueprints/tech/TD-74-15e-pack-assembly-docsbeforepay/TD-74-overview.md
docs/blueprints/tech/TD-75-15f-variable-binding-examples/TD-75-overview.md
docs/blueprints/tech/TD-76-15g-esign-adapter-dropbox-sign-docusign/TD-76-overview.md
docs/blueprints/tech/TD-77-15h-hashing-immutability/TD-77-overview.md
docs/blueprints/tech/TD-78-15i-access-control-privacy/TD-78-overview.md
docs/blueprints/tech/TD-79-15j-integrations-with-1314/TD-79-overview.md
docs/blueprints/tech/TD-80-15k-notifications-templates/TD-80-overview.md
docs/blueprints/tech/TD-81-15l-admin-console-legal-support-city-ops/TD-81-overview.md
docs/blueprints/tech/TD-82-15m-telemetry-lineage/TD-82-overview.md
docs/blueprints/tech/TD-83-15n-error-taxonomy/TD-83-overview.md
docs/blueprints/tech/TD-84-15o-performance-cost/TD-84-overview.md
docs/blueprints/tech/TD-85-15p-test-plan-ci-sandbox/TD-85-overview.md
docs/blueprints/tech/TD-86-15q-work-packages-cursor-4agent-lanes/TD-86-overview.md
docs/blueprints/tech/TD-87-15r-acceptance-criteria-mark-15-final-only-when-all-true/TD-87-overview.md
docs/blueprints/tech/TD-88-16a-canon-invariants/TD-88-overview.md
docs/blueprints/tech/TD-89-16b-data-model-aurora-dynamodb/TD-89-overview.md
docs/blueprints/tech/TD-90-16c-adapters-idv-bg-social-contracts/TD-90-overview.md
docs/blueprints/tech/TD-91-16d-badge-logic-gates-expiration/TD-91-overview.md
docs/blueprints/tech/TD-92-16e-graphql-api-user-facing-flows/TD-92-overview.md
docs/blueprints/tech/TD-93-16f-integration-points/TD-93-overview.md
docs/blueprints/tech/TD-94-16g-risk-signals-throttles/TD-94-overview.md
docs/blueprints/tech/TD-95-16h-admin-consoles-workflows/TD-95-overview.md
docs/blueprints/tech/TD-96-16i-webhooks-normalized-events/TD-96-overview.md
docs/blueprints/tech/TD-97-16j-privacy-retention/TD-97-overview.md
docs/blueprints/tech/TD-98-16k-error-taxonomy-client-safe/TD-98-overview.md
docs/blueprints/tech/TD-99-16l-telemetry-slos/TD-99-overview.md
docs/blueprints/tech/TD-100-16m-cost-controls/TD-100-overview.md
docs/blueprints/tech/TD-101-16n-test-plan-ci-sandbox/TD-101-overview.md
docs/blueprints/tech/TD-102-16o-work-packages-cursor-agents/TD-102-overview.md
docs/blueprints/tech/TD-103-16p-acceptance-criteria-mark-16-final-only-when-all-true/TD-103-overview.md
docs/blueprints/tech/TD-104-17a-canon-invariants/TD-104-overview.md
docs/blueprints/tech/TD-105-17b-surfaces-formats-mvp/TD-105-overview.md
docs/blueprints/tech/TD-106-17c-eligibility-safety-gates/TD-106-overview.md
docs/blueprints/tech/TD-107-17d-data-model-aurora-dynamodb-s3/TD-107-overview.md
docs/blueprints/tech/TD-107-17d-data-model-aurora-dynamodb-s3/TD-107.1-d1-core-sql-tables.md
docs/blueprints/tech/TD-107-17d-data-model-aurora-dynamodb-s3/TD-107.2-d2-dynamodb-hot-path.md
docs/blueprints/tech/TD-108-17e-targeting-matching/TD-108-overview.md
docs/blueprints/tech/TD-109-17f-blending-fairness/TD-109-overview.md
docs/blueprints/tech/TD-110-17g-click-validation-fraud-defenses/TD-110-overview.md
docs/blueprints/tech/TD-111-17h-budgets-pacing-pausing/TD-111-overview.md
docs/blueprints/tech/TD-112-17i-billing-credits-costconscious-mvp/TD-112-overview.md
docs/blueprints/tech/TD-113-17j-graphql-api-sellerfacing-admin/TD-113-overview.md
docs/blueprints/tech/TD-114-17k-admin-consoles/TD-114-overview.md
docs/blueprints/tech/TD-115-17l-telemetry-reconciliation/TD-115-overview.md
docs/blueprints/tech/TD-116-17m-error-taxonomy-clientsafe/TD-116-overview.md
docs/blueprints/tech/TD-117-17n-performance-cost/TD-117-overview.md
docs/blueprints/tech/TD-118-17o-test-plan-ci-sandbox/TD-118-overview.md
docs/blueprints/tech/TD-119-17p-work-packages-cursor-agents/TD-119-overview.md
docs/blueprints/tech/TD-120-17q-acceptance-criteria-mark-17-final-only-when-all-true/TD-120-overview.md
docs/blueprints/tech/TD-121-18a-canon-invariants/TD-121-overview.md
docs/blueprints/tech/TD-122-18b-data-model-aurora-postgres/TD-122-overview.md
docs/blueprints/tech/TD-123-18c-write-rules-lifecycle/TD-123-overview.md
docs/blueprints/tech/TD-124-18d-api-graphql-user-facing/TD-124-overview.md
docs/blueprints/tech/TD-125-18e-weighting-decay-aggregation/TD-125-overview.md
docs/blueprints/tech/TD-126-18f-fraud-abuse-controls/TD-126-overview.md
docs/blueprints/tech/TD-127-18g-surfacing-ux/TD-127-overview.md
docs/blueprints/tech/TD-128-18h-moderation-appeals-admin-console/TD-128-overview.md
docs/blueprints/tech/TD-129-18i-notifications/TD-129-overview.md
docs/blueprints/tech/TD-130-18j-telemetry-lineage/TD-130-overview.md
docs/blueprints/tech/TD-131-18k-error-taxonomy-client-safe/TD-131-overview.md
docs/blueprints/tech/TD-132-18l-performance-cost/TD-132-overview.md
docs/blueprints/tech/TD-133-18m-test-plan-ci-sandbox/TD-133-overview.md
docs/blueprints/tech/TD-134-18n-work-packages-cursor-agents/TD-134-overview.md
docs/blueprints/tech/TD-135-18o-acceptance-criteria-mark-18-final-only-when-all-true/TD-135-overview.md
docs/blueprints/tech/TD-136-19a-canon-invariants/TD-136-overview.md
docs/blueprints/tech/TD-137-19b-fee-taxonomy-launch/TD-137-overview.md
docs/blueprints/tech/TD-138-19c-data-model-sql-additions-for-fees-wallet-gl/TD-138-overview.md
docs/blueprints/tech/TD-139-19d-accounting-model-gl-entries-mvp/TD-139-overview.md
docs/blueprints/tech/TD-139-19d-accounting-model-gl-entries-mvp/TD-139.1-d1-at-capture-lbg-confirmed-charge-succeeded.md
docs/blueprints/tech/TD-139-19d-accounting-model-gl-entries-mvp/TD-139.2-d2-on-completionaccept-leg-earns-platform-fee-revenue.md
docs/blueprints/tech/TD-139-19d-accounting-model-gl-entries-mvp/TD-139.3-d3-on-payout-transfer-to-seller-per-leg.md
docs/blueprints/tech/TD-139-19d-accounting-model-gl-entries-mvp/TD-139.4-d4-refunds-leg-policy-or-admin.md
docs/blueprints/tech/TD-139-19d-accounting-model-gl-entries-mvp/TD-139.5-d5-chargebacks-lost-dispute.md
docs/blueprints/tech/TD-139-19d-accounting-model-gl-entries-mvp/TD-139.1-d1-at-capture-lbg-confirmed-charge-succeeded.md
docs/blueprints/tech/TD-139-19d-accounting-model-gl-entries-mvp/TD-139.2-d2-on-completionaccept-leg-earns-platform-fee-revenue.md
docs/blueprints/tech/TD-139-19d-accounting-model-gl-entries-mvp/TD-139.3-d3-on-payout-transfer-to-seller-per-leg.md
docs/blueprints/tech/TD-139-19d-accounting-model-gl-entries-mvp/TD-139.4-d4-refunds-leg-policy-or-admin.md
docs/blueprints/tech/TD-139-19d-accounting-model-gl-entries-mvp/TD-139.5-d5-chargebacks-lost-dispute.md
docs/blueprints/tech/TD-140-19e-wallet-buyer-credits-rules-flows/TD-140-overview.md
docs/blueprints/tech/TD-141-19f-taxes-on-platform-fees/TD-141-overview.md
docs/blueprints/tech/TD-142-19g-statements-exports/TD-142-overview.md
docs/blueprints/tech/TD-143-19h-apis-graphql-finance-views/TD-143-overview.md
docs/blueprints/tech/TD-144-19i-admin-consoles-finance/TD-144-overview.md
docs/blueprints/tech/TD-145-19j-telemetry-lineage/TD-145-overview.md
docs/blueprints/tech/TD-146-19k-slos-cost-posture/TD-146-overview.md
docs/blueprints/tech/TD-147-19l-error-taxonomy-clientsafe/TD-147-overview.md
docs/blueprints/tech/TD-148-19m-test-plan-ci-sandbox/TD-148-overview.md
docs/blueprints/tech/TD-149-19n-work-packages-cursor-agents/TD-149-overview.md
docs/blueprints/tech/TD-150-19o-acceptance-criteria-mark-19-final-only-when-all-true/TD-150-overview.md
docs/blueprints/tech/TD-151-19a-canon-invariants/TD-151-overview.md
docs/blueprints/tech/TD-137-19b-fee-taxonomy-launch/TD-137-overview.md
docs/blueprints/tech/TD-138-19c-data-model-sql-additions-for-fees-wallet-gl/TD-138-overview.md
docs/blueprints/tech/TD-139-19d-accounting-model-gl-entries-mvp/TD-139-overview.md
docs/blueprints/tech/TD-139-19d-accounting-model-gl-entries-mvp/TD-139.1-d1-at-capture-lbg-confirmed-charge-succeeded.md
docs/blueprints/tech/TD-139-19d-accounting-model-gl-entries-mvp/TD-139.2-d2-on-completionaccept-leg-earns-platform-fee-revenue.md
docs/blueprints/tech/TD-139-19d-accounting-model-gl-entries-mvp/TD-139.3-d3-on-payout-transfer-to-seller-per-leg.md
docs/blueprints/tech/TD-139-19d-accounting-model-gl-entries-mvp/TD-139.4-d4-refunds-leg-policy-or-admin.md
docs/blueprints/tech/TD-139-19d-accounting-model-gl-entries-mvp/TD-139.5-d5-chargebacks-lost-dispute.md
docs/blueprints/tech/TD-139-19d-accounting-model-gl-entries-mvp/TD-139.1-d1-at-capture-lbg-confirmed-charge-succeeded.md
docs/blueprints/tech/TD-139-19d-accounting-model-gl-entries-mvp/TD-139.2-d2-on-completionaccept-leg-earns-platform-fee-revenue.md
docs/blueprints/tech/TD-139-19d-accounting-model-gl-entries-mvp/TD-139.3-d3-on-payout-transfer-to-seller-per-leg.md
docs/blueprints/tech/TD-139-19d-accounting-model-gl-entries-mvp/TD-139.4-d4-refunds-leg-policy-or-admin.md
docs/blueprints/tech/TD-139-19d-accounting-model-gl-entries-mvp/TD-139.5-d5-chargebacks-lost-dispute.md
docs/blueprints/tech/TD-140-19e-wallet-buyer-credits-rules-flows/TD-140-overview.md
docs/blueprints/tech/TD-141-19f-taxes-on-platform-fees/TD-141-overview.md
docs/blueprints/tech/TD-142-19g-statements-exports/TD-142-overview.md
docs/blueprints/tech/TD-143-19h-apis-graphql-finance-views/TD-143-overview.md
docs/blueprints/tech/TD-144-19i-admin-consoles-finance/TD-144-overview.md
docs/blueprints/tech/TD-145-19j-telemetry-lineage/TD-145-overview.md
docs/blueprints/tech/TD-146-19k-slos-cost-posture/TD-146-overview.md
docs/blueprints/tech/TD-147-19l-error-taxonomy-clientsafe/TD-147-overview.md
docs/blueprints/tech/TD-152-19m-test-plan-ci-sandbox/TD-152-overview.md
docs/blueprints/tech/TD-149-19n-work-packages-cursor-agents/TD-149-overview.md
docs/blueprints/tech/TD-153-19o-acceptance-criteria-mark-19-final-only-when-all-true/TD-153-overview.md
docs/blueprints/tech/TD-154-110a-canon-invariants/TD-154-overview.md
docs/blueprints/tech/TD-155-110b-providers-architecture/TD-155-overview.md
docs/blueprints/tech/TD-156-110c-data-model-aurora-dynamodb-s3/TD-156-overview.md
docs/blueprints/tech/TD-157-110d-template-system-variables/TD-157-overview.md
docs/blueprints/tech/TD-158-110e-routing-rules-comms-router/TD-158-overview.md
docs/blueprints/tech/TD-159-110f-preferences-quiet-hours-userfacing/TD-159-overview.md
docs/blueprints/tech/TD-160-110g-channel-workers-dedupebatching/TD-160-overview.md
docs/blueprints/tech/TD-161-110h-error-taxonomy-clientsafe-and-admin/TD-161-overview.md
docs/blueprints/tech/TD-162-110i-work-packages-cursor-agent-lanes/TD-162-overview.md
docs/blueprints/tech/TD-163-110j-acceptance-criteria-for-part-1-we-wont-move-to-part-2-until-all-hold/TD-163-overview.md
docs/blueprints/tech/TD-164-110r-deliverability-setup-email/TD-164-overview.md
docs/blueprints/tech/TD-165-110s-bouncecomplaint-handling-suppression/TD-165-overview.md
docs/blueprints/tech/TD-166-110t-inapp-notification-center-details/TD-166-overview.md
docs/blueprints/tech/TD-167-110u-experiments-localization/TD-167-overview.md
docs/blueprints/tech/TD-168-110v-link-tracking-privacy/TD-168-overview.md
docs/blueprints/tech/TD-169-110w-admin-console-comms/TD-169-overview.md
docs/blueprints/tech/TD-170-110x-telemetry-dashboards-slos/TD-170-overview.md
docs/blueprints/tech/TD-171-110y-full-test-matrix-part-2/TD-171-overview.md
docs/blueprints/tech/TD-172-110z-acceptance-criteria-mark-110-final-only-when-all-true/TD-172-overview.md
docs/blueprints/tech/TD-173-111a-canon-invariants/TD-173-overview.md
docs/blueprints/tech/TD-174-111b-data-model-aurora-postgres-source-of-record/TD-174-overview.md
docs/blueprints/tech/TD-175-111c-amenity-taxonomy-canonical-keys/TD-175-overview.md
docs/blueprints/tech/TD-176-111d-onboarding-verification-flow/TD-176-overview.md
docs/blueprints/tech/TD-177-111e-pricing-quote-engine-deterministic/TD-177-overview.md
docs/blueprints/tech/TD-178-111f-availability-buffers-conflicts/TD-178-overview.md
docs/blueprints/tech/TD-179-111g-house-rules-compliance-docs/TD-179-overview.md
docs/blueprints/tech/TD-180-111h-images-safety-seo/TD-180-overview.md
docs/blueprints/tech/TD-181-111i-search-facets-tiein-to-12/TD-181-overview.md
docs/blueprints/tech/TD-182-111j-checkout-deposits-tiein-to-13/TD-182-overview.md
docs/blueprints/tech/TD-183-111k-graphql-api-appsync-studio-management-browse/TD-183-overview.md
docs/blueprints/tech/TD-184-111l-admin-console-studios/TD-184-overview.md
docs/blueprints/tech/TD-185-111m-error-taxonomy-clientsafe/TD-185-overview.md
docs/blueprints/tech/TD-186-111n-telemetry-lineage/TD-186-overview.md
docs/blueprints/tech/TD-187-111o-performance-cost/TD-187-overview.md
docs/blueprints/tech/TD-188-111p-test-plan-ci-sandbox/TD-188-overview.md
docs/blueprints/tech/TD-189-111q-work-packages-cursor-4agent-lanes/TD-189-overview.md
docs/blueprints/tech/TD-190-111r-acceptance-criteria-mark-111-final-only-when-all-true/TD-190-overview.md
docs/blueprints/tech/TD-191-112a-canon-invariants/TD-191-overview.md
docs/blueprints/tech/TD-192-112b-tech-stack-version-pins-initial/TD-192-overview.md
docs/blueprints/tech/TD-193-112c-environments-accounts-and-regions/TD-193-overview.md
docs/blueprints/tech/TD-194-112d-amplify-gen-2-configuration-and-never-classic-guardrails/TD-194-overview.md
docs/blueprints/tech/TD-195-112e-networking-security-baseline/TD-195-overview.md
docs/blueprints/tech/TD-196-112f-data-stores-retention/TD-196-overview.md
docs/blueprints/tech/TD-197-112g-identity-access-cognito/TD-197-overview.md
docs/blueprints/tech/TD-198-112h-api-shape-appsync/TD-198-overview.md
docs/blueprints/tech/TD-199-112i-cicd-and-migrations/TD-199-overview.md
docs/blueprints/tech/TD-200-112j-observability/TD-200-overview.md
docs/blueprints/tech/TD-201-112k-security-posture/TD-201-overview.md
docs/blueprints/tech/TD-202-112l-data-privacy-retention/TD-202-overview.md
docs/blueprints/tech/TD-203-112m-cost-guardrails/TD-203-overview.md
docs/blueprints/tech/TD-204-112n-disaster-recovery/TD-204-overview.md
docs/blueprints/tech/TD-205-112o-local-dev-previews-and-seed-data/TD-205-overview.md
docs/blueprints/tech/TD-206-112p-developer-experience-governance/TD-206-overview.md
docs/blueprints/tech/TD-207-112q-work-packages-for-your-4-cursor-agents/TD-207-overview.md
docs/blueprints/tech/TD-208-112r-acceptance-criteria-mark-112-final-only-when-all-true/TD-208-overview.md
docs/blueprints/tech/TD-209-112s-test-matrix-ci-stage-drills/TD-209-overview.md
docs/blueprints/tech/TD-210-113a-canon-invariants/TD-210-overview.md
docs/blueprints/tech/TD-211-113b-highlevel-architecture/TD-211-overview.md
docs/blueprints/tech/TD-212-113c-event-envelope-contracts/TD-212-overview.md
docs/blueprints/tech/TD-213-113d-bronze-silver-gold-modeling/TD-213-overview.md
docs/blueprints/tech/TD-214-113e-nearrealtime-ops-views/TD-214-overview.md
docs/blueprints/tech/TD-215-113f-experimentation-framework/TD-215-overview.md
docs/blueprints/tech/TD-216-113g-data-quality-validation-lineage/TD-216-overview.md
docs/blueprints/tech/TD-217-113h-privacy-governance-retention/TD-217-overview.md
docs/blueprints/tech/TD-218-113i-bi-dashboards/TD-218-overview.md
docs/blueprints/tech/TD-219-113j-cost-posture-performance/TD-219-overview.md
docs/blueprints/tech/TD-220-113k-admin-tooling/TD-220-overview.md
docs/blueprints/tech/TD-221-113l-error-taxonomy-data-platform/TD-221-overview.md
docs/blueprints/tech/TD-222-113m-slos-alerts/TD-222-overview.md
docs/blueprints/tech/TD-223-113n-test-plan-ci-stage/TD-223-overview.md
docs/blueprints/tech/TD-224-113o-work-packages-cursor-agents/TD-224-overview.md
docs/blueprints/tech/TD-225-113p-acceptance-criteria-mark-113-final-only-when-all-true/TD-225-overview.md
docs/blueprints/tech/TD-226-113c-expanded-event-envelope-contracts/TD-226-overview.md
docs/blueprints/tech/TD-226-113c-expanded-event-envelope-contracts/TD-226.1-c1-canonical-envelope-json-schema-v1.md
docs/blueprints/tech/TD-226-113c-expanded-event-envelope-contracts/TD-226.2-c2-example-event-schemas-selected.md
docs/blueprints/tech/TD-227-113b-113e-expanded-ingestion-bronze-and-nearrealtime-views/TD-227-overview.md
docs/blueprints/tech/TD-227-113b-113e-expanded-ingestion-bronze-and-nearrealtime-views/TD-227.1-b1-event-ingress-path.md
docs/blueprints/tech/TD-227-113b-113e-expanded-ingestion-bronze-and-nearrealtime-views/TD-227.2-b2-eventbridge-firehose-s3-bronze.md
docs/blueprints/tech/TD-227-113b-113e-expanded-ingestion-bronze-and-nearrealtime-views/TD-227.3-b3-glue-catalog-athena-bronze-table.md
docs/blueprints/tech/TD-227-113b-113e-expanded-ingestion-bronze-and-nearrealtime-views/TD-227.4-e1-nearrealtime-nrt-ops-views.md
docs/blueprints/tech/TD-228-113d-expanded-silvergold-modeling/TD-228-overview.md
docs/blueprints/tech/TD-228-113d-expanded-silvergold-modeling/TD-228.1-d1-ctas-silver-facts-examples.md
docs/blueprints/tech/TD-228-113d-expanded-silvergold-modeling/TD-228.2-d2-dbt-project-skeleton-athena-adapter.md
docs/blueprints/tech/TD-229-113g-expanded-data-quality-validation-lineage/TD-229-overview.md
docs/blueprints/tech/TD-229-113g-expanded-data-quality-validation-lineage/TD-229.1-g1-great-expectations-suite-examples.md
docs/blueprints/tech/TD-229-113g-expanded-data-quality-validation-lineage/TD-229.2-g2-lineage.md
docs/blueprints/tech/TD-230-113h-expanded-privacy-governance-retention/TD-230-overview.md
docs/blueprints/tech/TD-230-113h-expanded-privacy-governance-retention/TD-230.1-h1-lake-formation-permissions.md
docs/blueprints/tech/TD-230-113h-expanded-privacy-governance-retention/TD-230.2-h2-dsar-right-to-erasure-workflow.md
docs/blueprints/tech/TD-230-113h-expanded-privacy-governance-retention/TD-230.3-h3-retention.md
docs/blueprints/tech/TD-231-113f-expanded-experimentation-framework/TD-231-overview.md
docs/blueprints/tech/TD-231-113f-expanded-experimentation-framework/TD-231.1-f1-assignment-exposure.md
docs/blueprints/tech/TD-231-113f-expanded-experimentation-framework/TD-231.2-f2-guardrails-metrics.md
docs/blueprints/tech/TD-232-113i-expanded-bi-datasets-dashboards/TD-232-overview.md
docs/blueprints/tech/TD-232-113i-expanded-bi-datasets-dashboards/TD-232.1-i1-datasets-quicksight-spice.md
docs/blueprints/tech/TD-232-113i-expanded-bi-datasets-dashboards/TD-232.2-i2-dashboard-tiles-definitions.md
docs/blueprints/tech/TD-233-113j-expanded-cost-posture-performance/TD-233-overview.md
docs/blueprints/tech/TD-234-113k-expanded-admin-runbooks/TD-234-overview.md
docs/blueprints/tech/TD-235-113lmno-expanded-error-taxonomy-slos-tests-work-packages/TD-235-overview.md
docs/blueprints/tech/TD-235-113lmno-expanded-error-taxonomy-slos-tests-work-packages/TD-235.1-l-error-codes-operational.md
docs/blueprints/tech/TD-235-113lmno-expanded-error-taxonomy-slos-tests-work-packages/TD-235.2-m-slos-alerts-detail.md
docs/blueprints/tech/TD-235-113lmno-expanded-error-taxonomy-slos-tests-work-packages/TD-235.3-n-test-matrix-concrete-addons.md
docs/blueprints/tech/TD-235-113lmno-expanded-error-taxonomy-slos-tests-work-packages/TD-235.4-o-work-packages-ready-to-assign-to-your-4-cursor-agents.md
docs/blueprints/tech/TD-236-113p-restated-final-acceptance-checklist-for-113/TD-236-overview.md
docs/blueprints/tech/TD-237-114a-canon-invariants/TD-237-overview.md
docs/blueprints/tech/TD-238-114b-feature-set-mvp-flags/TD-238-overview.md
docs/blueprints/tech/TD-239-114c-data-model-aurora-dynamo-s3/TD-239-overview.md
docs/blueprints/tech/TD-239-114c-data-model-aurora-dynamo-s3/TD-239.1-c1-aurora-source-of-truth.md
docs/blueprints/tech/TD-239-114c-data-model-aurora-dynamo-s3/TD-239.2-c2-dynamodb-hot-path-caches.md
docs/blueprints/tech/TD-239-114c-data-model-aurora-dynamo-s3/TD-239.3-c3-s3-buckets-previews-only.md
docs/blueprints/tech/TD-240-114d-payment-flows-stripe-taxes/TD-240-overview.md
docs/blueprints/tech/TD-241-114e-watermarking-access-and-antiscrape/TD-241-overview.md
docs/blueprints/tech/TD-242-114f-messaging-integrations-action-cards/TD-242-overview.md
docs/blueprints/tech/TD-243-114g-safety-policy-and-moderation/TD-243-overview.md
docs/blueprints/tech/TD-244-114h-ux-surfaces/TD-244-overview.md
docs/blueprints/tech/TD-245-114i-graphql-api-appsync-selected/TD-245-overview.md
docs/blueprints/tech/TD-246-114j-notifications-comms-from-110/TD-246-overview.md
docs/blueprints/tech/TD-247-114k-analytics-experiments-from-113/TD-247-overview.md
docs/blueprints/tech/TD-248-114l-admin-consoles/TD-248-overview.md
docs/blueprints/tech/TD-249-114m-performance-cost/TD-249-overview.md
docs/blueprints/tech/TD-250-114n-error-taxonomy-clientsafe/TD-250-overview.md
docs/blueprints/tech/TD-251-114o-test-plan-ci-sandbox/TD-251-overview.md
docs/blueprints/tech/TD-252-114p-work-packages-cursor-4agent-lanes/TD-252-overview.md
docs/blueprints/tech/TD-253-114q-acceptance-criteria-mark-114-final-only-when-all-true/TD-253-overview.md
docs/blueprints/tech/TD-254-1141-roles-gates-and-global-invariants-recap-expansions/TD-254-overview.md
docs/blueprints/tech/TD-255-1142-data-contracts-db-cache-storage/TD-255-overview.md
docs/blueprints/tech/TD-255-1142-data-contracts-db-cache-storage/TD-255.1-11421-sql-additions-refinements.md
docs/blueprints/tech/TD-255-1142-data-contracts-db-cache-storage/TD-255.2-11422-dynamodb-hotpath-caches.md
docs/blueprints/tech/TD-255-1142-data-contracts-db-cache-storage/TD-255.3-11423-s3-keys-cf.md
docs/blueprints/tech/TD-256-1143-manifests-for-final-media-offplatform/TD-256-overview.md
docs/blueprints/tech/TD-256-1143-manifests-for-final-media-offplatform/TD-256.1-11431-manifest-json-v1.md
docs/blueprints/tech/TD-256-1143-manifests-for-final-media-offplatform/TD-256.2-11432-tokenized-access-shortlived.md
docs/blueprints/tech/TD-257-1144-watermarking-previews/TD-257-overview.md
docs/blueprints/tech/TD-257-1144-watermarking-previews/TD-257.1-11441-image-previews.md
docs/blueprints/tech/TD-257-1144-watermarking-previews/TD-257.2-11442-video-previews.md
docs/blueprints/tech/TD-258-1145-stripe-object-mappings-flows/TD-258-overview.md
docs/blueprints/tech/TD-258-1145-stripe-object-mappings-flows/TD-258.1-11451-subscriptions-stripe-billing-connect.md
docs/blueprints/tech/TD-258-1145-stripe-object-mappings-flows/TD-258.2-11452-ppv-tips-requests-paymentintents.md
docs/blueprints/tech/TD-258-1145-stripe-object-mappings-flows/TD-258.3-11453-refunds-disputes.md
docs/blueprints/tech/TD-259-1146-tax-fee-math-digital-goods/TD-259-overview.md
docs/blueprints/tech/TD-260-1147-accounting-gl-platform-side/TD-260-overview.md
docs/blueprints/tech/TD-261-1148-state-machines/TD-261-overview.md
docs/blueprints/tech/TD-261-1148-state-machines/TD-261.1-11481-custom-request-flow-step-functions.md
docs/blueprints/tech/TD-261-1148-state-machines/TD-261.2-11482-subscription-lifecycle.md
docs/blueprints/tech/TD-262-1149-moderation-dmca-safety-runbooks/TD-262-overview.md
docs/blueprints/tech/TD-262-1149-moderation-dmca-safety-runbooks/TD-262.1-11491-moderation-pipeline.md
docs/blueprints/tech/TD-262-1149-moderation-dmca-safety-runbooks/TD-262.2-11492-dmca-flow-admin-console.md
docs/blueprints/tech/TD-263-11410-pricing-policy-limits-abuse-protections/TD-263-overview.md
docs/blueprints/tech/TD-264-11411-notifications-templates-mjml-snippets/TD-264-overview.md
docs/blueprints/tech/TD-265-11412-graphql-sdl-extended-selected/TD-265-overview.md
docs/blueprints/tech/TD-266-11413-telemetry-ops-dashboards-nrt/TD-266-overview.md
docs/blueprints/tech/TD-267-11414-errors-ux-copy-clientsafe/TD-267-overview.md
docs/blueprints/tech/TD-268-11415-performance-cost-budgets/TD-268-overview.md
docs/blueprints/tech/TD-269-11416-test-plan-expanded/TD-269-overview.md
docs/blueprints/tech/TD-270-11417-work-packages-ready-to-assign/TD-270-overview.md
docs/blueprints/tech/TD-271-11418-acceptance-criteria-final-gate-for-114/TD-271-overview.md
docs/blueprints/tech/TD-272-115a-canon-invariants/TD-272-overview.md
docs/blueprints/tech/TD-273-115b-case-taxonomy-types-subtypes/TD-273-overview.md
docs/blueprints/tech/TD-274-115c-refund-dispute-policy-deterministic-kernels/TD-274-overview.md
docs/blueprints/tech/TD-275-115d-state-machines-highlevel/TD-275-overview.md
docs/blueprints/tech/TD-275-115d-state-machines-highlevel/TD-275.1-d1-generic-support-case.md
docs/blueprints/tech/TD-275-115d-state-machines-highlevel/TD-275.2-d2-booking-dispute-peoplestudios.md
docs/blueprints/tech/TD-275-115d-state-machines-highlevel/TD-275.3-d3-chargeback.md
docs/blueprints/tech/TD-275-115d-state-machines-highlevel/TD-275.4-d4-dmca.md
docs/blueprints/tech/TD-276-115e-data-model-aurora-s3/TD-276-overview.md
docs/blueprints/tech/TD-277-115f-evidence-timeline-stitching/TD-277-overview.md
docs/blueprints/tech/TD-278-115g-api-graphql-support-center-userfacing/TD-278-overview.md
docs/blueprints/tech/TD-279-115h-email-bridge-ses-routing/TD-279-overview.md
docs/blueprints/tech/TD-280-115i-automations-macros-and-rules/TD-280-overview.md
docs/blueprints/tech/TD-281-115j-payout-holds-releases/TD-281-overview.md
docs/blueprints/tech/TD-282-115k-chargebacks-representment/TD-282-overview.md
docs/blueprints/tech/TD-283-115l-dmca-policy-violations/TD-283-overview.md
docs/blueprints/tech/TD-284-115m-telemetry-dashboards-slos/TD-284-overview.md
docs/blueprints/tech/TD-285-115n-performance-cost-posture/TD-285-overview.md
docs/blueprints/tech/TD-286-115o-error-taxonomy-clientsafe/TD-286-overview.md
docs/blueprints/tech/TD-287-115p-test-plan-ci-sandbox/TD-287-overview.md
docs/blueprints/tech/TD-288-115q-work-packages-cursor-4agent-lanes/TD-288-overview.md
docs/blueprints/tech/TD-289-115r-acceptance-criteria-mark-115-final-only-when-all-true/TD-289-overview.md
docs/blueprints/tech/TD-290-116a-canon-invariants/TD-290-overview.md
docs/blueprints/tech/TD-291-116b-data-model-aurora-dynamo-typesense/TD-291-overview.md
docs/blueprints/tech/TD-291-116b-data-model-aurora-dynamo-typesense/TD-291.1-b1-aurora-source-of-truth.md
docs/blueprints/tech/TD-291-116b-data-model-aurora-dynamo-typesense/TD-291.2-b2-dynamodb-hot-path.md
docs/blueprints/tech/TD-291-116b-data-model-aurora-dynamo-typesense/TD-291.3-b3-search-indices-typesenseopensearch.md
docs/blueprints/tech/TD-292-116c-saved-searches-alerts-anyall-1day-cap/TD-292-overview.md
docs/blueprints/tech/TD-292-116c-saved-searches-alerts-anyall-1day-cap/TD-292.1-c1-query-model.md
docs/blueprints/tech/TD-292-116c-saved-searches-alerts-anyall-1day-cap/TD-292.2-c2-daily-job-eventbridge-scheduler-lambda.md
docs/blueprints/tech/TD-293-116d-weekly-city-digest-optin/TD-293-overview.md
docs/blueprints/tech/TD-294-116e-feed-follow/TD-294-overview.md
docs/blueprints/tech/TD-294-116e-feed-follow/TD-294.1-e1-surfaces-mirrors-plan-language.md
docs/blueprints/tech/TD-294-116e-feed-follow/TD-294.2-e2-delivery-ranking.md
docs/blueprints/tech/TD-294-116e-feed-follow/TD-294.3-e3-authoring.md
docs/blueprints/tech/TD-295-116f-social-share-linkinbio/TD-295-overview.md
docs/blueprints/tech/TD-295-116f-social-share-linkinbio/TD-295.1-f1-sharecard-generator.md
docs/blueprints/tech/TD-295-116f-social-share-linkinbio/TD-295.2-f2-linkinbio-minisite.md
docs/blueprints/tech/TD-296-116g-book-again-reminders-73090/TD-296-overview.md
docs/blueprints/tech/TD-297-116h-referrals-credits-twosided-abuseresistant/TD-297-overview.md
docs/blueprints/tech/TD-297-116h-referrals-credits-twosided-abuseresistant/TD-297.1-h1-programs-as-per-plan.md
docs/blueprints/tech/TD-297-116h-referrals-credits-twosided-abuseresistant/TD-297.2-h2-guardrails-explicit-from-plan.md
docs/blueprints/tech/TD-297-116h-referrals-credits-twosided-abuseresistant/TD-297.3-h3-mechanics.md
docs/blueprints/tech/TD-298-116i-graphql-api-selected/TD-298-overview.md
docs/blueprints/tech/TD-299-116j-comms-templates/TD-299-overview.md
docs/blueprints/tech/TD-300-116k-telemetry-experiments-hooked-into-113/TD-300-overview.md
docs/blueprints/tech/TD-301-116l-performance-cost/TD-301-overview.md
docs/blueprints/tech/TD-302-116m-error-taxonomy-clientsafe/TD-302-overview.md
docs/blueprints/tech/TD-303-116n-test-plan-ci-sandbox/TD-303-overview.md
docs/blueprints/tech/TD-304-116o-work-packages-cursor-4agent-lanes/TD-304-overview.md
docs/blueprints/tech/TD-305-116p-acceptance-criteria-mark-116-final-only-when-all-true/TD-305-overview.md
docs/blueprints/tech/TD-306-116a-sql-growth-referrals-schema-aurora-postgresql/TD-306-overview.md
docs/blueprints/tech/TD-307-116b-dynamodb-hotpathttl-tables/TD-307-overview.md
docs/blueprints/tech/TD-308-116c-graphql-sdl-saved-search-feed-referrals/TD-308-overview.md
docs/blueprints/tech/TD-309-116d-eventbridge-schedules-cron-alertsdigestsbookagain/TD-309-overview.md
docs/blueprints/tech/TD-310-116e-lambda-handler-skeleton-saved-search-alerts/TD-310-overview.md
docs/blueprints/tech/TD-311-116f-mjml-template-saved-search-alert-sfwonly/TD-311-overview.md
docs/blueprints/tech/TD-312-116g-json-schemas-key-growth-events/TD-312-overview.md
docs/blueprints/tech/TD-313-116h-cost-guardrails-observability-notes/TD-313-overview.md
docs/blueprints/tech/TD-314-116-i-mjml-weekly-city-digest-sfw-only-opt-in/TD-314-overview.md
docs/blueprints/tech/TD-315-116-j-mjml-book-again-73090-variants/TD-315-overview.md
docs/blueprints/tech/TD-316-116-k-htmlcss-link-in-bio-microsite-sfw-previews/TD-316-overview.md
docs/blueprints/tech/TD-317-116-l-anyall-query-builder-typesenseopensearch-spec/TD-317-overview.md
docs/blueprints/tech/TD-318-116-m-utm-attribution-rules/TD-318-overview.md
docs/blueprints/tech/TD-319-116-n-lambda-skeleton-weekly-digest/TD-319-overview.md
docs/blueprints/tech/TD-320-116-o-lambda-skeleton-book-again-73090/TD-320-overview.md
docs/blueprints/tech/TD-321-116-p-cost-slo-guardrails-growth-jobs/TD-321-overview.md
docs/blueprints/tech/TD-322-117a-canon-invariants/TD-322-overview.md
docs/blueprints/tech/TD-323-117b-url-topology-stable-humanreadable/TD-323-overview.md
docs/blueprints/tech/TD-324-117c-metadata-canonicalization/TD-324-overview.md
docs/blueprints/tech/TD-325-117d-jsonld-structured-data-copypaste/TD-325-overview.md
docs/blueprints/tech/TD-325-117d-jsonld-structured-data-copypaste/TD-325.1-d1-service-profile-as-person-product-package.md
docs/blueprints/tech/TD-325-117d-jsonld-structured-data-copypaste/TD-325.2-d2-studio-as-localbusiness.md
docs/blueprints/tech/TD-325-117d-jsonld-structured-data-copypaste/TD-325.3-d3-guidescase-studies-as-article.md
docs/blueprints/tech/TD-326-117e-robots-safemode-and-noindex-policy/TD-326-overview.md
docs/blueprints/tech/TD-327-117f-sitemaps-segmented-autorotating/TD-327-overview.md
docs/blueprints/tech/TD-328-117g-hreflang-locale-routing/TD-328-overview.md
docs/blueprints/tech/TD-329-117h-rendering-strategy-caching-isrssr-cdn/TD-329-overview.md
docs/blueprints/tech/TD-330-117i-core-web-vitals-performance-budgets/TD-330-overview.md
docs/blueprints/tech/TD-331-117j-accessibility-synergy-seo-a11y/TD-331-overview.md
docs/blueprints/tech/TD-332-117k-admin-content-ops-safeguards/TD-332-overview.md
docs/blueprints/tech/TD-333-117l-telemetry-dashboards/TD-333-overview.md
docs/blueprints/tech/TD-334-117m-test-plan-ci-stage/TD-334-overview.md
docs/blueprints/tech/TD-335-117n-cost-posture/TD-335-overview.md
docs/blueprints/tech/TD-336-117o-inline-artifacts-block/TD-336-overview.md
docs/blueprints/tech/TD-337-117p-acceptance-criteria-mark-117-final-only-when-all-true/TD-337-overview.md
docs/blueprints/tech/TD-338-1171-crawl-indexation-control-robots-meta-headers/TD-338-overview.md
docs/blueprints/tech/TD-339-1172-canonicalization-url-normalization/TD-339-overview.md
docs/blueprints/tech/TD-340-1173-faceted-navigation-pagination-filters/TD-340-overview.md
docs/blueprints/tech/TD-341-1174-structured-data-jsonld-full-coverage/TD-341-overview.md
docs/blueprints/tech/TD-342-1175-content-templates-onpage-optimization/TD-342-overview.md
docs/blueprints/tech/TD-343-1176-image-video-seo-sfwonly/TD-343-overview.md
docs/blueprints/tech/TD-344-1177-performance-for-seo-cwvfirst-build/TD-344-overview.md
docs/blueprints/tech/TD-345-1178-internationalization-hreflang-localization/TD-345-overview.md
docs/blueprints/tech/TD-346-1179-accessibility-a11y-synergy-for-seo/TD-346-overview.md
docs/blueprints/tech/TD-347-11710-sitemaps-web-image-video/TD-347-overview.md
docs/blueprints/tech/TD-348-11711-internal-linking-breadcrumbs/TD-348-overview.md
docs/blueprints/tech/TD-349-11712-logfile-analysis-search-console-ingestion/TD-349-overview.md
docs/blueprints/tech/TD-350-11713-seosafe-experimentation/TD-350-overview.md
docs/blueprints/tech/TD-351-11714-risk-register-mitigations/TD-351-overview.md
docs/blueprints/tech/TD-352-11715-qa-checklists-prelaunch-ongoing/TD-352-overview.md
docs/blueprints/tech/TD-353-11716-work-packages-cursor-4agent-lanes/TD-353-overview.md
docs/blueprints/tech/TD-354-11717-acceptance-criteria-mark-117-final-only-when-all-true/TD-354-overview.md
docs/blueprints/tech/TD-355-118a-security-canon-threat-model/TD-355-overview.md
docs/blueprints/tech/TD-356-118b-identity-access-management-iam-boundaries/TD-356-overview.md
docs/blueprints/tech/TD-357-118c-authentication-authorization-amplifyappsynccognito/TD-357-overview.md
docs/blueprints/tech/TD-358-118d-secrets-key-management/TD-358-overview.md
docs/blueprints/tech/TD-359-118e-encryption-in-transit-at-rest/TD-359-overview.md
docs/blueprints/tech/TD-360-118f-network-edge-protections/TD-360-overview.md
docs/blueprints/tech/TD-361-118g-data-classification-handling/TD-361-overview.md
docs/blueprints/tech/TD-362-118h-logging-audit-and-tamperevidence/TD-362-overview.md
docs/blueprints/tech/TD-363-118i-vulnerability-management-cicd-hardening/TD-363-overview.md
docs/blueprints/tech/TD-364-118j-incident-response-ir-disaster-recovery-dr/TD-364-overview.md
docs/blueprints/tech/TD-365-118k-compliance-scaffolding-soc-2ready-baseline/TD-365-overview.md
docs/blueprints/tech/TD-366-118l-monitoring-detection/TD-366-overview.md
docs/blueprints/tech/TD-367-118m-slos-budgets-costs/TD-367-overview.md
docs/blueprints/tech/TD-368-118n-test-plan-security/TD-368-overview.md
docs/blueprints/tech/TD-369-118o-work-packages-cursor-4agent-lanes/TD-369-overview.md
docs/blueprints/tech/TD-370-118p-acceptance-criteria-mark-118-final-only-when-all-true/TD-370-overview.md
docs/blueprints/tech/TD-371-118a-threat-model-assets-trust-boundaries-controls/TD-371-overview.md
docs/blueprints/tech/TD-372-118b-security-headers-csp-referrer-permissions/TD-372-overview.md
docs/blueprints/tech/TD-373-118c-graphql-complexitydepth-limits-rate-quotas/TD-373-overview.md
docs/blueprints/tech/TD-374-118d-cookie-session-policy/TD-374-overview.md
docs/blueprints/tech/TD-375-118e-webhook-hmac-verification-stripeplaid/TD-375-overview.md
docs/blueprints/tech/TD-376-118f-s3-cloudfront-private-origins-no-public-acls/TD-376-overview.md
docs/blueprints/tech/TD-377-118g-presigned-uploads-sizetype-guard/TD-377-overview.md
docs/blueprints/tech/TD-378-118h-breakglass-jit-admin-access/TD-378-overview.md
docs/blueprints/tech/TD-379-118i-secrets-rotation-runbook-stripe-ses-kms/TD-379-overview.md
docs/blueprints/tech/TD-380-118j-vendor-risk-management/TD-380-overview.md
docs/blueprints/tech/TD-381-118k-pentest-scope-safe-harbor/TD-381-overview.md
docs/blueprints/tech/TD-382-118l-owasp-asvs-mapping-excerpt/TD-382-overview.md
docs/blueprints/tech/TD-383-118m-dr-drill-severity-matrix/TD-383-overview.md
docs/blueprints/tech/TD-384-118n-siemathena-queries-suspicious-patterns/TD-384-overview.md
docs/blueprints/tech/TD-385-118o-access-recertification-schedule/TD-385-overview.md
docs/blueprints/tech/TD-385-118o-access-recertification-schedule/TD-385.1-118-determination-postaddendum.md
docs/blueprints/tech/TD-386-119a-canon-invariants/TD-386-overview.md
docs/blueprints/tech/TD-387-119b-locale-catalog-message-format/TD-387-overview.md
docs/blueprints/tech/TD-388-119c-hreflang-negotiation/TD-388-overview.md
docs/blueprints/tech/TD-389-1191-canon-invariants/TD-389-overview.md
docs/blueprints/tech/TD-390-1192-data-model-user-preferences/TD-390-overview.md
docs/blueprints/tech/TD-391-1193-locale-catalogs-loading/TD-391-overview.md
docs/blueprints/tech/TD-392-1194-locale-detection-routing-no-autoredirect-loop/TD-392-overview.md
docs/blueprints/tech/TD-393-1195-numbers-currency-dates-time-zones/TD-393-overview.md
docs/blueprints/tech/TD-394-1196-rtl-support-logical-css/TD-394-overview.md
docs/blueprints/tech/TD-395-1197-accessible-components-wcag-22-aa/TD-395-overview.md
docs/blueprints/tech/TD-396-1198-form-localization-validation/TD-396-overview.md
docs/blueprints/tech/TD-397-1199-public-seo-pages-localized-metadata-jsonld/TD-397-overview.md
docs/blueprints/tech/TD-398-11910-emails-notifications-localization-mjml/TD-398-overview.md
docs/blueprints/tech/TD-399-11911-translation-workflow-qa-pseudolocalization/TD-399-overview.md
docs/blueprints/tech/TD-400-11912-a11y-testing-automated-manual/TD-400-overview.md
docs/blueprints/tech/TD-401-11913-performance-bundle-budgets-for-i18n/TD-401-overview.md
docs/blueprints/tech/TD-402-11914-governance-language-coverage-content-policy/TD-402-overview.md
docs/blueprints/tech/TD-403-11915-work-packages-cursor-4agent-lanes/TD-403-overview.md
docs/blueprints/tech/TD-404-11916-acceptance-criteria-mark-119-final-only-when-all-true/TD-404-overview.md
docs/blueprints/tech/TD-405-120a-canon-invariants/TD-405-overview.md
docs/blueprints/tech/TD-406-120b-client-architecture/TD-406-overview.md
docs/blueprints/tech/TD-407-120c-pwa-configuration-manifest-sw-caching-offline/TD-407-overview.md
docs/blueprints/tech/TD-408-120d-optional-native-shells-react-native-expo/TD-408-overview.md
docs/blueprints/tech/TD-409-120e-auth-session-on-device/TD-409-overview.md
docs/blueprints/tech/TD-410-120f-messaging-ux-on-mobile/TD-410-overview.md
docs/blueprints/tech/TD-411-120g-push-notifications-apnsfcm-via-pinpointsns/TD-411-overview.md
docs/blueprints/tech/TD-412-120h-file-uploads-from-cameragallery/TD-412-overview.md
docs/blueprints/tech/TD-413-120i-safemode-age-gating-ux/TD-413-overview.md
docs/blueprints/tech/TD-414-120j-performance-budgets-mobile/TD-414-overview.md
docs/blueprints/tech/TD-415-120k-accessibility-mobile-a11y/TD-415-overview.md
docs/blueprints/tech/TD-416-120l-deep-links-universal-links/TD-416-overview.md
docs/blueprints/tech/TD-417-120m-cicd-releases-pwa-rn-shells/TD-417-overview.md
docs/blueprints/tech/TD-418-120n-telemetry-crash-reporting/TD-418-overview.md
docs/blueprints/tech/TD-419-120o-error-taxonomy-clientsafe/TD-419-overview.md
docs/blueprints/tech/TD-420-120p-test-plan-device-ci/TD-420-overview.md
docs/blueprints/tech/TD-421-120q-work-packages-cursor-4agent-lanes/TD-421-overview.md
docs/blueprints/tech/TD-422-120r-acceptance-criteria-mark-120-final-only-when-all-true/TD-422-overview.md
docs/blueprints/tech/TD-423-121a-index-documents-schemas/TD-423-overview.md
docs/blueprints/tech/TD-424-121b-ingest-indexing-pipeline/TD-424-overview.md
docs/blueprints/tech/TD-425-121c-query-model-anyall-safemode-geoprice/TD-425-overview.md
docs/blueprints/tech/TD-426-121d-autocomplete-suggestions/TD-426-overview.md
docs/blueprints/tech/TD-427-121e-ranking-boosts-default-best-sort/TD-427-overview.md
docs/blueprints/tech/TD-428-121f-synonyms-stemming-typo-tolerance/TD-428-overview.md
docs/blueprints/tech/TD-429-121g-safemode-policy-exclusion/TD-429-overview.md
docs/blueprints/tech/TD-430-121h-caching-throughput-cost/TD-430-overview.md
docs/blueprints/tech/TD-431-121i-admin-curation-tools/TD-431-overview.md
docs/blueprints/tech/TD-432-121j-telemetry-evaluation-experimentation/TD-432-overview.md
docs/blueprints/tech/TD-433-121k-api-graphql/TD-433-overview.md
docs/blueprints/tech/TD-434-121l-test-plan/TD-434-overview.md
docs/blueprints/tech/TD-435-121m-acceptance-criteria-mark-121-final-only-when-all-true/TD-435-overview.md
docs/blueprints/tech/TD-436-1221-canon-invariants/TD-436-overview.md
docs/blueprints/tech/TD-437-1222-pricing-fee-model-baseline/TD-437-overview.md
docs/blueprints/tech/TD-438-1223-data-model-aurora-orders-intents-transfers-refunds/TD-438-overview.md
docs/blueprints/tech/TD-439-1224-checkout-payment-flows/TD-439-overview.md
docs/blueprints/tech/TD-439-1224-checkout-payment-flows/TD-439.1-a-card-default-immediate-capture.md
docs/blueprints/tech/TD-439-1224-checkout-payment-flows/TD-439.2-b-manual-capture-short-hold.md
docs/blueprints/tech/TD-439-1224-checkout-payment-flows/TD-439.3-c-ach-phase-2-financial-connections.md
docs/blueprints/tech/TD-440-1225-stripe-connect-onboarding-providers/TD-440-overview.md
docs/blueprints/tech/TD-441-1226-charges-transfers-pattern/TD-441-overview.md
docs/blueprints/tech/TD-442-1227-webhooks-idempotency-order-state-machine/TD-442-overview.md
docs/blueprints/tech/TD-443-1228-refunds-cancellations-disputes/TD-443-overview.md
docs/blueprints/tech/TD-444-1229-credits-vouchers-taxes/TD-444-overview.md
docs/blueprints/tech/TD-445-12210-payout-scheduling-reserves/TD-445-overview.md
docs/blueprints/tech/TD-446-12211-fraud-controls-risk-flags-tied-to-118-115/TD-446-overview.md
docs/blueprints/tech/TD-447-12212-reconciliation-ledgers-analytics-lake/TD-447-overview.md
docs/blueprints/tech/TD-448-12213-admin-finance-console/TD-448-overview.md
docs/blueprints/tech/TD-449-12214-telemetry-slos-cost/TD-449-overview.md
docs/blueprints/tech/TD-450-12215-test-plan/TD-450-overview.md
docs/blueprints/tech/TD-451-12216-work-packages-cursor-4agent-lanes/TD-451-overview.md
docs/blueprints/tech/TD-452-12217-acceptance-criteria-mark-122-final-only-when-all-true/TD-452-overview.md
docs/blueprints/tech/TD-453-1231-canon-invariants/TD-453-overview.md
docs/blueprints/tech/TD-454-1232-data-model/TD-454-overview.md
docs/blueprints/tech/TD-454-1232-data-model/TD-454.1-12321-dynamodb-primary-realtime-path.md
docs/blueprints/tech/TD-454-1232-data-model/TD-454.2-12322-aurora-relational-join-analytics.md
docs/blueprints/tech/TD-455-1233-graphql-schema-appsync/TD-455-overview.md
docs/blueprints/tech/TD-456-1234-realtime-delivery-receipts-typing/TD-456-overview.md
docs/blueprints/tech/TD-457-1235-message-requests-credits-contact-filters/TD-457-overview.md
docs/blueprints/tech/TD-458-1236-action-cards-structured-forms-in-chat/TD-458-overview.md
docs/blueprints/tech/TD-459-1237-attachments-previews-s3-safemode/TD-459-overview.md
docs/blueprints/tech/TD-460-1238-inbox-folders-filters-search/TD-460-overview.md
docs/blueprints/tech/TD-461-1239-spam-controls-rate-limits-safety/TD-461-overview.md
docs/blueprints/tech/TD-462-12310-notifications-emailpush-quiet-hours/TD-462-overview.md
docs/blueprints/tech/TD-463-12311-project-panel-rightpane-data/TD-463-overview.md
docs/blueprints/tech/TD-464-12312-error-taxonomy-clientsafe/TD-464-overview.md
docs/blueprints/tech/TD-465-12313-observability-telemetry/TD-465-overview.md
docs/blueprints/tech/TD-466-12314-cost-scale-posture/TD-466-overview.md
docs/blueprints/tech/TD-467-12315-security-privacy-retention/TD-467-overview.md
docs/blueprints/tech/TD-468-12316-test-plan/TD-468-overview.md
docs/blueprints/tech/TD-469-12317-work-packages-cursor-4agent-lanes/TD-469-overview.md
docs/blueprints/tech/TD-470-12318-acceptance-criteria-mark-123-final-only-when-all-true/TD-470-overview.md
docs/blueprints/tech/TD-471-1241-objectives-scope/TD-471-overview.md
docs/blueprints/tech/TD-472-1242-architecture-costsavvy-elastic/TD-472-overview.md
docs/blueprints/tech/TD-473-1243-data-model-aurora-postgresql-s3/TD-473-overview.md
docs/blueprints/tech/TD-474-1244-graphql-schema-selected/TD-474-overview.md
docs/blueprints/tech/TD-475-1245-booking-widget-ui-validation/TD-475-overview.md
docs/blueprints/tech/TD-476-1246-reviews-reputation-spacescoped/TD-476-overview.md
docs/blueprints/tech/TD-477-1247-host-createedit-wizard-endtoend/TD-477-overview.md
docs/blueprints/tech/TD-478-1248-host-dashboard-operations/TD-478-overview.md
docs/blueprints/tech/TD-479-1249-search-pair-with-talent-links/TD-479-overview.md
docs/blueprints/tech/TD-480-12410-privacy-policy-safety/TD-480-overview.md
docs/blueprints/tech/TD-481-12411-notifications-ics/TD-481-overview.md
docs/blueprints/tech/TD-482-12412-observability-kpis/TD-482-overview.md
docs/blueprints/tech/TD-483-12413-test-plan/TD-483-overview.md
docs/blueprints/tech/TD-484-12414-cost-scale/TD-484-overview.md
docs/blueprints/tech/TD-485-12415-work-packages-cursor-4agent-lanes/TD-485-overview.md
docs/blueprints/tech/TD-486-12416-acceptance-criteria-mark-124-final-only-when-all-true/TD-486-overview.md
docs/blueprints/tech/TD-486-12416-acceptance-criteria-mark-124-final-only-when-all-true/TD-486.1-a-insurance-coi-requirements-optional-but-supported-at-launch.md
docs/blueprints/tech/TD-486-12416-acceptance-criteria-mark-124-final-only-when-all-true/TD-486.2-b-pricing-tiers-overtime-crewsize-multipliers.md
docs/blueprints/tech/TD-486-12416-acceptance-criteria-mark-124-final-only-when-all-true/TD-486.3-c-ada-accessibility-quickfacts-public-filterable.md
docs/blueprints/tech/TD-486-12416-acceptance-criteria-mark-124-final-only-when-all-true/TD-486.4-d-host-cancellation-penalties-reputation-impact.md
docs/blueprints/tech/TD-486-12416-acceptance-criteria-mark-124-final-only-when-all-true/TD-486.5-e-evidence-deposit-capture-rules-postbooking.md
docs/blueprints/tech/TD-486-12416-acceptance-criteria-mark-124-final-only-when-all-true/TD-486.6-f-response-sla-autocancel-for-requests-not-ib.md
docs/blueprints/tech/TD-486-12416-acceptance-criteria-mark-124-final-only-when-all-true/TD-486.7-g-availability-blackouts-holidays.md
docs/blueprints/tech/TD-486-12416-acceptance-criteria-mark-124-final-only-when-all-true/TD-486.8-h-seo-jsonld-for-studio-listings-sfwonly.md
docs/blueprints/tech/TD-486-12416-acceptance-criteria-mark-124-final-only-when-all-true/TD-486.9-i-approximate-location-policy-geohash-precision.md
docs/blueprints/tech/TD-486-12416-acceptance-criteria-mark-124-final-only-when-all-true/TD-486.10-j-houserules-releases-template-library-versioning.md
docs/blueprints/tech/TD-486-12416-acceptance-criteria-mark-124-final-only-when-all-true/TD-486.11-k-calendar-sync-posture-phase-2-twoway.md
docs/blueprints/tech/TD-486-12416-acceptance-criteria-mark-124-final-only-when-all-true/TD-486.12-l-expanded-tests-add-to-12413.md
docs/blueprints/tech/TD-486-12416-acceptance-criteria-mark-124-final-only-when-all-true/TD-486.13-m-workpackages-delta-cursor-4agent-lanes.md
docs/blueprints/tech/TD-487-1261-canon-invariants/TD-487-overview.md
docs/blueprints/tech/TD-488-1262-roles-permissions-rbac/TD-488-overview.md
docs/blueprints/tech/TD-489-1263-app-shell-security/TD-489-overview.md
docs/blueprints/tech/TD-490-1264-data-model-aurora-cases-actions-audit/TD-490-overview.md
docs/blueprints/tech/TD-491-1265-modules-screens/TD-491-overview.md
docs/blueprints/tech/TD-491-1265-modules-screens/TD-491.1-a-user-management.md
docs/blueprints/tech/TD-491-1265-modules-screens/TD-491.2-b-listing-management.md
docs/blueprints/tech/TD-491-1265-modules-screens/TD-491.3-c-trust-safety-casework.md
docs/blueprints/tech/TD-491-1265-modules-screens/TD-491.4-d-finance-ops.md
docs/blueprints/tech/TD-491-1265-modules-screens/TD-491.5-e-search-curation-121.md
docs/blueprints/tech/TD-491-1265-modules-screens/TD-491.6-f-smart-docs-admin-125.md
docs/blueprints/tech/TD-491-1265-modules-screens/TD-491.7-g-content-ops-cms.md
docs/blueprints/tech/TD-491-1265-modules-screens/TD-491.8-h-flags-configuration.md
docs/blueprints/tech/TD-492-1266-admin-api-graphql/TD-492-overview.md
docs/blueprints/tech/TD-493-1267-jit-access-privacy-guardrails/TD-493-overview.md
docs/blueprints/tech/TD-494-1268-observability-slas/TD-494-overview.md
docs/blueprints/tech/TD-495-1269-content-seo-operations-light-cms/TD-495-overview.md
docs/blueprints/tech/TD-496-12610-ratelimit-risk-tuning/TD-496-overview.md
docs/blueprints/tech/TD-497-12611-feature-flags-config/TD-497-overview.md
docs/blueprints/tech/TD-498-12612-cicd-access-controls/TD-498-overview.md
docs/blueprints/tech/TD-499-12613-test-plan/TD-499-overview.md
docs/blueprints/tech/TD-500-12614-work-packages-cursor-4agent-lanes/TD-500-overview.md
docs/blueprints/tech/TD-501-12615-acceptance-criteria-mark-126-final-only-when-all-true/TD-501-overview.md
docs/blueprints/tech/TD-502-1271-canon-invariants/TD-502-overview.md
docs/blueprints/tech/TD-503-1272-url-design-routing/TD-503-overview.md
docs/blueprints/tech/TD-504-1273-canonical-robots-and-meta-tags/TD-504-overview.md
docs/blueprints/tech/TD-505-1274-robotstxt-and-crawl-allowances/TD-505-overview.md
docs/blueprints/tech/TD-506-1275-sitemap-strategy-index-modular-feeds/TD-506-overview.md
docs/blueprints/tech/TD-507-1276-structured-data-jsonld/TD-507-overview.md
docs/blueprints/tech/TD-507-1276-structured-data-jsonld/TD-507.1-a-person-sfw-profile.md
docs/blueprints/tech/TD-507-1276-structured-data-jsonld/TD-507.2-b-place-studio-listing-approximate-coordinates-only.md
docs/blueprints/tech/TD-507-1276-structured-data-jsonld/TD-507.3-c-breadcrumblist-for-directories.md
docs/blueprints/tech/TD-508-1277-ssrisr-build-plan/TD-508-overview.md
docs/blueprints/tech/TD-509-1278-pagination-faceted-navigation/TD-509-overview.md
docs/blueprints/tech/TD-510-1279-internal-linking-content-hubs/TD-510-overview.md
docs/blueprints/tech/TD-511-12710-media-opengraph-twitter-cards/TD-511-overview.md
docs/blueprints/tech/TD-512-12711-core-web-vitals-budgets-enforcements/TD-512-overview.md
docs/blueprints/tech/TD-513-12712-error-redirect-policy/TD-513-overview.md
docs/blueprints/tech/TD-514-12713-safemode-sfw-gating-seo/TD-514-overview.md
docs/blueprints/tech/TD-515-12714-analytics-monitoring/TD-515-overview.md
docs/blueprints/tech/TD-516-12715-cost-posture/TD-516-overview.md
docs/blueprints/tech/TD-517-12716-artifacts-copypasteable/TD-517-overview.md
docs/blueprints/tech/TD-518-12717-test-plan/TD-518-overview.md
docs/blueprints/tech/TD-519-12718-acceptance-criteria-mark-127-final-only-when-all-true/TD-519-overview.md
docs/blueprints/tech/TD-520-1281-canon-invariants/TD-520-overview.md
docs/blueprints/tech/TD-521-1282-roles-permissions-rbac/TD-521-overview.md
docs/blueprints/tech/TD-522-1283-app-shell-perimeter-security/TD-522-overview.md
docs/blueprints/tech/TD-523-1284-data-model-cases-actions-audit/TD-523-overview.md
docs/blueprints/tech/TD-524-1285-modules-screens/TD-524-overview.md
docs/blueprints/tech/TD-524-1285-modules-screens/TD-524.1-a-user-management.md
docs/blueprints/tech/TD-524-1285-modules-screens/TD-524.2-b-listing-management-people-studios.md
docs/blueprints/tech/TD-524-1285-modules-screens/TD-524.3-c-trust-safety-casework.md
docs/blueprints/tech/TD-524-1285-modules-screens/TD-524.4-d-finance-operations.md
docs/blueprints/tech/TD-524-1285-modules-screens/TD-524.5-e-search-curation-ties-121.md
docs/blueprints/tech/TD-524-1285-modules-screens/TD-524.6-f-smart-docs-admin-ties-126.md
docs/blueprints/tech/TD-524-1285-modules-screens/TD-524.7-g-content-ops-light-cms.md
docs/blueprints/tech/TD-524-1285-modules-screens/TD-524.8-h-feature-flags-risk-knobs.md
docs/blueprints/tech/TD-525-1286-admin-api-graphql/TD-525-overview.md
docs/blueprints/tech/TD-526-1287-jit-access-privacy-guardrails/TD-526-overview.md
docs/blueprints/tech/TD-527-1288-observability-slas/TD-527-overview.md
docs/blueprints/tech/TD-528-1289-cms-seo-ops-public-content/TD-528-overview.md
docs/blueprints/tech/TD-529-12810-ratelimit-risk-tuning/TD-529-overview.md
docs/blueprints/tech/TD-530-12811-feature-flags-configuration/TD-530-overview.md
docs/blueprints/tech/TD-531-12812-cicd-access-controls/TD-531-overview.md
docs/blueprints/tech/TD-532-12813-test-plan/TD-532-overview.md
docs/blueprints/tech/TD-533-12814-work-packages-cursor-4agent-lanes/TD-533-overview.md
docs/blueprints/tech/TD-534-12815-acceptance-criteria-mark-128-final-only-when-all-true/TD-534-overview.md
docs/blueprints/tech/TD-535-1291-scope-from-nontechnical-plan-technical/TD-535-overview.md
docs/blueprints/tech/TD-536-1292-architecture-costconscious-elastic/TD-536-overview.md
docs/blueprints/tech/TD-537-1293-data-model-aurora-postgresql-s3/TD-537-overview.md
docs/blueprints/tech/TD-538-1294-graphql-schema-selected/TD-538-overview.md
docs/blueprints/tech/TD-539-1295-public-ui-web-ownereditor-flows/TD-539-overview.md
docs/blueprints/tech/TD-540-1296-safemode-policy/TD-540-overview.md
docs/blueprints/tech/TD-541-1297-media-pipeline/TD-541-overview.md
docs/blueprints/tech/TD-542-1298-discovery-seo/TD-542-overview.md
docs/blueprints/tech/TD-543-1299-analytics-kpis/TD-543-overview.md
docs/blueprints/tech/TD-544-12910-cost-scale/TD-544-overview.md
docs/blueprints/tech/TD-545-12911-artifacts-copypasteable-into-your-word-plan/TD-545-overview.md
docs/blueprints/tech/TD-546-12912-test-plan/TD-546-overview.md
docs/blueprints/tech/TD-547-12913-work-packages-cursor-4agent-lanes/TD-547-overview.md
docs/blueprints/tech/TD-548-12914-acceptance-criteria-mark-129-final-only-when-all-true/TD-548-overview.md
docs/blueprints/tech/TD-549-131-scope-confirmation-from-nontechnical-technical/TD-549-overview.md
docs/blueprints/tech/TD-550-132-architecture-cost-posture/TD-550-overview.md
docs/blueprints/tech/TD-551-133-data-model-aurora-schema-booking/TD-551-overview.md
docs/blueprints/tech/TD-552-134-graphql-api-appsync/TD-552-overview.md
docs/blueprints/tech/TD-553-135-booking-modes-flows/TD-553-overview.md
docs/blueprints/tech/TD-553-135-booking-modes-flows/TD-553.1-a-instant-book-ib-optin-per-provider.md
docs/blueprints/tech/TD-553-135-booking-modes-flows/TD-553.2-b-requesttobook-rtb.md
docs/blueprints/tech/TD-553-135-booking-modes-flows/TD-553.3-c-smart-invite-private-multirecipient.md
docs/blueprints/tech/TD-553-135-booking-modes-flows/TD-553.1-a-instant-book-ib-optin-per-provider.md
docs/blueprints/tech/TD-553-135-booking-modes-flows/TD-553.2-b-requesttobook-rtb.md
docs/blueprints/tech/TD-553-135-booking-modes-flows/TD-553.3-c-smart-invite-private-multirecipient.md
docs/blueprints/tech/TD-554-136-checkout-contracts-esign/TD-554-overview.md
docs/blueprints/tech/TD-555-137-money-movement-escrow-release-payouts/TD-555-overview.md
docs/blueprints/tech/TD-556-138-fees-tax-currencies/TD-556-overview.md
docs/blueprints/tech/TD-557-139-cancellations-reschedules-noshows-policy-engine/TD-557-overview.md
docs/blueprints/tech/TD-558-1310-disputes-chargebacks/TD-558-overview.md
docs/blueprints/tech/TD-559-1311-events-webhooks-idempotency/TD-559-overview.md
docs/blueprints/tech/TD-560-1312-messaging-calendar-integration/TD-560-overview.md
docs/blueprints/tech/TD-561-1313-security-privacy-and-safemode/TD-561-overview.md
docs/blueprints/tech/TD-562-1314-cost-controls/TD-562-overview.md
docs/blueprints/tech/TD-563-1315-artifacts-textonly-paste-into-your-doc/TD-563-overview.md
docs/blueprints/tech/TD-564-1316-test-plan-representative-not-exhaustive/TD-564-overview.md
docs/blueprints/tech/TD-565-1317-acceptance-criteria-mark-13-final-only-when-all-true/TD-565-overview.md
docs/blueprints/tech/TD-549-131-scope-confirmation-from-nontechnical-technical/TD-549-overview.md
docs/blueprints/tech/TD-550-132-architecture-cost-posture/TD-550-overview.md
docs/blueprints/tech/TD-551-133-data-model-aurora-schema-booking/TD-551-overview.md
docs/blueprints/tech/TD-552-134-graphql-api-appsync/TD-552-overview.md
docs/blueprints/tech/TD-553-135-booking-modes-flows/TD-553-overview.md
docs/blueprints/tech/TD-553-135-booking-modes-flows/TD-553.1-a-instant-book-ib-optin-per-provider.md
docs/blueprints/tech/TD-553-135-booking-modes-flows/TD-553.2-b-requesttobook-rtb.md
docs/blueprints/tech/TD-553-135-booking-modes-flows/TD-553.3-c-smart-invite-private-multirecipient.md
docs/blueprints/tech/TD-553-135-booking-modes-flows/TD-553.1-a-instant-book-ib-optin-per-provider.md
docs/blueprints/tech/TD-553-135-booking-modes-flows/TD-553.2-b-requesttobook-rtb.md
docs/blueprints/tech/TD-553-135-booking-modes-flows/TD-553.3-c-smart-invite-private-multirecipient.md
docs/blueprints/tech/TD-554-136-checkout-contracts-esign/TD-554-overview.md
docs/blueprints/tech/TD-555-137-money-movement-escrow-release-payouts/TD-555-overview.md
docs/blueprints/tech/TD-556-138-fees-tax-currencies/TD-556-overview.md
docs/blueprints/tech/TD-557-139-cancellations-reschedules-noshows-policy-engine/TD-557-overview.md
docs/blueprints/tech/TD-558-1310-disputes-chargebacks/TD-558-overview.md
docs/blueprints/tech/TD-559-1311-events-webhooks-idempotency/TD-559-overview.md
docs/blueprints/tech/TD-560-1312-messaging-calendar-integration/TD-560-overview.md
docs/blueprints/tech/TD-561-1313-security-privacy-and-safemode/TD-561-overview.md
docs/blueprints/tech/TD-562-1314-cost-controls/TD-562-overview.md
docs/blueprints/tech/TD-563-1315-artifacts-textonly-paste-into-your-doc/TD-563-overview.md
docs/blueprints/tech/TD-566-1316-test-plan-representative-not-exhaustive/TD-566-overview.md
docs/blueprints/tech/TD-567-1317-acceptance-criteria-mark-13-final-only-when-all-true/TD-567-overview.md
docs/blueprints/tech/TD-568-141-scope-confirmation/TD-568-overview.md
docs/blueprints/tech/TD-569-142-architecture-elastic-lowcost/TD-569-overview.md
docs/blueprints/tech/TD-570-143-data-model-aurora-dynamo-s3/TD-570-overview.md
docs/blueprints/tech/TD-571-144-graphql-schema-selected/TD-571-overview.md
docs/blueprints/tech/TD-572-145-inbox-ux-folders/TD-572-overview.md
docs/blueprints/tech/TD-573-146-action-cards-structured-flows-inside-chat/TD-573-overview.md
docs/blueprints/tech/TD-574-147-message-requests-anticircumvention/TD-574-overview.md
docs/blueprints/tech/TD-575-148-notifications-digests/TD-575-overview.md
docs/blueprints/tech/TD-576-149-moderation-safety-privacy/TD-576-overview.md
docs/blueprints/tech/TD-577-1410-observability-kpis-cost/TD-577-overview.md
docs/blueprints/tech/TD-578-1411-work-packages-cursor-4agent-lanes/TD-578-overview.md
docs/blueprints/tech/TD-579-1412-test-plan-part-1/TD-579-overview.md
docs/blueprints/tech/TD-580-1413-acceptance-criteria-part-1/TD-580-overview.md
docs/blueprints/tech/TD-581-14a-action-card-payload-schemas-authoritative/TD-581-overview.md
docs/blueprints/tech/TD-581-14a-action-card-payload-schemas-authoritative/TD-581.1-1-reschedule-typereschedule.md
docs/blueprints/tech/TD-581-14a-action-card-payload-schemas-authoritative/TD-581.2-2-extras-overtime-typeextras.md
docs/blueprints/tech/TD-581-14a-action-card-payload-schemas-authoritative/TD-581.3-3-proofs-approvals-typeproofs.md
docs/blueprints/tech/TD-581-14a-action-card-payload-schemas-authoritative/TD-581.4-4-expense-receipt-typeexpense.md
docs/blueprints/tech/TD-581-14a-action-card-payload-schemas-authoritative/TD-581.5-5-mark-complete-deliver-typecomplete.md
docs/blueprints/tech/TD-581-14a-action-card-payload-schemas-authoritative/TD-581.6-6-dispute-typedispute.md
docs/blueprints/tech/TD-581-14a-action-card-payload-schemas-authoritative/TD-581.7-7-safety-flag-typesafety.md
docs/blueprints/tech/TD-582-14b-inbox-search-syntax-typesense-mapping/TD-582-overview.md
docs/blueprints/tech/TD-583-14c-presence-typing-delivery-read-receipts/TD-583-overview.md
docs/blueprints/tech/TD-584-14d-email-push-templates-transactional-digest/TD-584-overview.md
docs/blueprints/tech/TD-585-14e-digest-generation-batching/TD-585-overview.md
docs/blueprints/tech/TD-586-14f-quiet-hours-exceptions/TD-586-overview.md
docs/blueprints/tech/TD-587-14g-anticircumvention-patterns-thresholds/TD-587-overview.md
docs/blueprints/tech/TD-588-14h-admin-casebound-access-to-threads/TD-588-overview.md
docs/blueprints/tech/TD-589-14i-credits-contact-filters-rate-limits/TD-589-overview.md
docs/blueprints/tech/TD-590-14j-safety-attachments-retention/TD-590-overview.md
docs/blueprints/tech/TD-591-14k-error-codes-selected/TD-591-overview.md
docs/blueprints/tech/TD-592-14l-observability-kpis-expansion/TD-592-overview.md
docs/blueprints/tech/TD-593-14m-work-packages-cursor-4agent-lanes-continued/TD-593-overview.md
docs/blueprints/tech/TD-594-14n-test-plan-additional-cases-to-reach-999/TD-594-overview.md
docs/blueprints/tech/TD-595-14o-acceptance-criteria-mark-14-final-only-when-all-true/TD-595-overview.md
docs/blueprints/tech/TD-596-15-trust-safety-verification-technical-development-plan/TD-596-overview.md
docs/blueprints/tech/TD-596-15-trust-safety-verification-technical-development-plan/TD-596.1-15a-objectives-nongoals.md
docs/blueprints/tech/TD-596-15-trust-safety-verification-technical-development-plan/TD-596.2-15b-architecture-aws-amplify-gen2-appsync-stripefirst.md
docs/blueprints/tech/TD-596-15-trust-safety-verification-technical-development-plan/TD-596.3-15c-data-model-dynamodb-s3.md
docs/blueprints/tech/TD-596-15-trust-safety-verification-technical-development-plan/TD-596.4-15d-graphql-schema-appsync.md
docs/blueprints/tech/TD-596-15-trust-safety-verification-technical-development-plan/TD-596.5-15e-state-machines-aws-step-functions.md
docs/blueprints/tech/TD-596-15-trust-safety-verification-technical-development-plan/TD-596.6-15f-enforcement-risk.md
docs/blueprints/tech/TD-596-15-trust-safety-verification-technical-development-plan/TD-596.7-15g-safemode-public-surfaces.md
docs/blueprints/tech/TD-596-15-trust-safety-verification-technical-development-plan/TD-596.8-15h-verification-center-ux-backend.md
docs/blueprints/tech/TD-596-15-trust-safety-verification-technical-development-plan/TD-596.9-15i-admin-console-ts-support-finance.md
docs/blueprints/tech/TD-596-15-trust-safety-verification-technical-development-plan/TD-596.10-15j-security-privacy-retention.md
docs/blueprints/tech/TD-596-15-trust-safety-verification-technical-development-plan/TD-596.11-15k-cost-profile-phase-plan-build-launch-growth.md
docs/blueprints/tech/TD-596-15-trust-safety-verification-technical-development-plan/TD-596.12-15l-telemetry-metrics-alarms.md
docs/blueprints/tech/TD-596-15-trust-safety-verification-technical-development-plan/TD-596.13-15m-acceptance-criteria-mirrors-your-llist-made-testable.md
docs/blueprints/tech/TD-596-15-trust-safety-verification-technical-development-plan/TD-596.14-15n-rollout-ops-playbook.md
docs/blueprints/tech/TD-596-15-trust-safety-verification-technical-development-plan/TD-596.15-15o-cursor-4agents-build-plan-so-we-can-ship-on-autopilot.md
docs/blueprints/tech/TD-597-161-scope-confirmation-from-your-nontechnical-plan-technical/TD-597-overview.md
docs/blueprints/tech/TD-598-162-architecture-cost-posture/TD-598-overview.md
docs/blueprints/tech/TD-599-163-information-architecture-ia/TD-599-overview.md
docs/blueprints/tech/TD-600-164-kb-data-model-aurora-schema-kb/TD-600-overview.md
docs/blueprints/tech/TD-601-165-kb-search-typesense/TD-601-overview.md
docs/blueprints/tech/TD-602-166-support-widget-guided-flows-deflection/TD-602-overview.md
docs/blueprints/tech/TD-603-167-ticketing-priorities-routing-slas-macros-qa/TD-603-overview.md
docs/blueprints/tech/TD-604-168-agent-console-context-oneclick-outcomes/TD-604-overview.md
docs/blueprints/tech/TD-605-169-policy-playbooks-agentfacing-summaries/TD-605-overview.md
docs/blueprints/tech/TD-606-1610-accessibility-localization/TD-606-overview.md
docs/blueprints/tech/TD-607-1611-email-templates-ses-textonly-artifacts/TD-607-overview.md
docs/blueprints/tech/TD-608-1612-observability-dashboards/TD-608-overview.md
docs/blueprints/tech/TD-609-1613-cost-scaling/TD-609-overview.md
docs/blueprints/tech/TD-610-1614-tests-representative/TD-610-overview.md
docs/blueprints/tech/TD-611-1615-artifacts-copypasteable-into-your-plan/TD-611-overview.md
docs/blueprints/tech/TD-612-1616-acceptance-criteria-mark-16-final-only-when-all-true/TD-612-overview.md
